Started GET "/" for ::1 at 2021-01-01 22:53:11 +0900
Processing by HomesController#top as HTML
  Rendering homes/top.html.erb within layouts/application
  Rendered homes/top.html.erb within layouts/application (3.1ms)
Started GET "/" for ::1 at 2021-01-01 22:53:15 +0900
Processing by HomesController#top as HTML
  Rendering homes/top.html.erb within layouts/application
  Rendered homes/top.html.erb within layouts/application (0.4ms)
Completed 200 OK in 8284ms (Views: 8273.0ms | ActiveRecord: 0.0ms)


Completed 200 OK in 3805ms (Views: 3800.4ms | ActiveRecord: 0.0ms)


Started GET "/" for ::1 at 2021-01-01 22:54:34 +0900
Processing by HomesController#top as HTML
  Rendering homes/top.html.erb within layouts/application
  Rendered homes/top.html.erb within layouts/application (0.4ms)
Completed 200 OK in 22ms (Views: 21.2ms | ActiveRecord: 0.0ms)


  [1m[35m (0.1ms)[0m  [1m[34mSELECT sqlite_version(*)[0m
  â†³ bin/rails:9
  [1m[35m (3.5ms)[0m  [1m[35mCREATE TABLE "schema_migrations" ("version" varchar NOT NULL PRIMARY KEY)[0m
  â†³ bin/rails:9
  [1m[35m (10.2ms)[0m  [1m[35mCREATE TABLE "ar_internal_metadata" ("key" varchar NOT NULL PRIMARY KEY, "value" varchar, "created_at" datetime NOT NULL, "updated_at" datetime NOT NULL)[0m
  â†³ bin/rails:9
  [1m[35m (0.3ms)[0m  [1m[34mSELECT "schema_migrations"."version" FROM "schema_migrations" ORDER BY "schema_migrations"."version" ASC[0m
  â†³ bin/rails:9
Migrating to DeviseCreateUsers (20210101135929)
  [1m[35m (0.1ms)[0m  [1m[36mbegin transaction[0m
  â†³ bin/rails:9
  [1m[35m (1.1ms)[0m  [1m[35mCREATE TABLE "users" ("id" integer PRIMARY KEY AUTOINCREMENT NOT NULL, "email" varchar DEFAULT '' NOT NULL, "encrypted_password" varchar DEFAULT '' NOT NULL, "reset_password_token" varchar, "reset_password_sent_at" datetime, "remember_created_at" datetime, "username" varchar, "created_at" datetime NOT NULL, "updated_at" datetime NOT NULL)[0m
  â†³ db/migrate/20210101135929_devise_create_users.rb:5
  [1m[35m (0.3ms)[0m  [1m[35mCREATE UNIQUE INDEX "index_users_on_email" ON "users" ("email")[0m
  â†³ db/migrate/20210101135929_devise_create_users.rb:39
  [1m[35m (0.2ms)[0m  [1m[35mCREATE UNIQUE INDEX "index_users_on_reset_password_token" ON "users" ("reset_password_token")[0m
  â†³ db/migrate/20210101135929_devise_create_users.rb:40
  [1m[36mActiveRecord::SchemaMigration Create (0.7ms)[0m  [1m[32mINSERT INTO "schema_migrations" ("version") VALUES (?)[0m  [["version", "20210101135929"]]
  â†³ bin/rails:9
  [1m[35m (3.1ms)[0m  [1m[36mcommit transaction[0m
  â†³ bin/rails:9
  [1m[36mActiveRecord::InternalMetadata Load (0.7ms)[0m  [1m[34mSELECT  "ar_internal_metadata".* FROM "ar_internal_metadata" WHERE "ar_internal_metadata"."key" = ? LIMIT ?[0m  [["key", "environment"], ["LIMIT", 1]]
  â†³ bin/rails:9
  [1m[35m (0.3ms)[0m  [1m[36mbegin transaction[0m
  â†³ bin/rails:9
  [1m[36mActiveRecord::InternalMetadata Create (3.1ms)[0m  [1m[32mINSERT INTO "ar_internal_metadata" ("key", "value", "created_at", "updated_at") VALUES (?, ?, ?, ?)[0m  [["key", "environment"], ["value", "development"], ["created_at", "2021-01-01 14:02:02.641554"], ["updated_at", "2021-01-01 14:02:02.641554"]]
  â†³ bin/rails:9
  [1m[35m (2.3ms)[0m  [1m[36mcommit transaction[0m
  â†³ bin/rails:9
  [1m[35m (0.3ms)[0m  [1m[34mSELECT "schema_migrations"."version" FROM "schema_migrations" ORDER BY "schema_migrations"."version" ASC[0m
  â†³ bin/rails:9
Started GET "/" for ::1 at 2021-01-01 23:14:37 +0900
  [1m[35m (0.2ms)[0m  [1m[34mSELECT "schema_migrations"."version" FROM "schema_migrations" ORDER BY "schema_migrations"."version" ASC[0m
  â†³ /Users/nagamori/.rbenv/versions/2.6.6/lib/ruby/gems/2.6.0/gems/activerecord-5.2.4.4/lib/active_record/log_subscriber.rb:98
Processing by HomesController#top as HTML
  Rendering homes/top.html.erb within layouts/application
  Rendered homes/top.html.erb within layouts/application (1.5ms)
Completed 200 OK in 327ms (Views: 310.3ms | ActiveRecord: 0.0ms)


Started GET "/users/1" for ::1 at 2021-01-01 23:14:53 +0900
  
ActionController::RoutingError (No route matches [GET] "/users/1"):
  
actionpack (5.2.4.4) lib/action_dispatch/middleware/debug_exceptions.rb:65:in `call'
web-console (3.7.0) lib/web_console/middleware.rb:135:in `call_app'
web-console (3.7.0) lib/web_console/middleware.rb:30:in `block in call'
web-console (3.7.0) lib/web_console/middleware.rb:20:in `catch'
web-console (3.7.0) lib/web_console/middleware.rb:20:in `call'
actionpack (5.2.4.4) lib/action_dispatch/middleware/show_exceptions.rb:33:in `call'
railties (5.2.4.4) lib/rails/rack/logger.rb:38:in `call_app'
railties (5.2.4.4) lib/rails/rack/logger.rb:26:in `block in call'
activesupport (5.2.4.4) lib/active_support/tagged_logging.rb:71:in `block in tagged'
activesupport (5.2.4.4) lib/active_support/tagged_logging.rb:28:in `tagged'
activesupport (5.2.4.4) lib/active_support/tagged_logging.rb:71:in `tagged'
railties (5.2.4.4) lib/rails/rack/logger.rb:26:in `call'
sprockets-rails (3.2.2) lib/sprockets/rails/quiet_assets.rb:13:in `call'
actionpack (5.2.4.4) lib/action_dispatch/middleware/remote_ip.rb:81:in `call'
actionpack (5.2.4.4) lib/action_dispatch/middleware/request_id.rb:27:in `call'
rack (2.2.3) lib/rack/method_override.rb:24:in `call'
rack (2.2.3) lib/rack/runtime.rb:22:in `call'
activesupport (5.2.4.4) lib/active_support/cache/strategy/local_cache_middleware.rb:29:in `call'
actionpack (5.2.4.4) lib/action_dispatch/middleware/executor.rb:14:in `call'
actionpack (5.2.4.4) lib/action_dispatch/middleware/static.rb:127:in `call'
rack (2.2.3) lib/rack/sendfile.rb:110:in `call'
railties (5.2.4.4) lib/rails/engine.rb:524:in `call'
puma (3.12.6) lib/puma/configuration.rb:227:in `call'
puma (3.12.6) lib/puma/server.rb:706:in `handle_request'
puma (3.12.6) lib/puma/server.rb:476:in `process_client'
puma (3.12.6) lib/puma/server.rb:334:in `block in run'
puma (3.12.6) lib/puma/thread_pool.rb:135:in `block in spawn_thread'
Started GET "/users/sign_up" for ::1 at 2021-01-01 23:15:00 +0900
Processing by Devise::RegistrationsController#new as HTML
  Rendering devise/registrations/new.html.erb within layouts/application
  Rendered devise/shared/_error_messages.html.erb (0.5ms)
  Rendered devise/shared/_links.html.erb (1.6ms)
  Rendered devise/registrations/new.html.erb within layouts/application (58.0ms)
Completed 200 OK in 116ms (Views: 91.4ms | ActiveRecord: 4.5ms)


Started GET "/" for ::1 at 2021-01-02 09:43:54 +0900
  [1m[35m (1.4ms)[0m  [1m[34mSELECT "schema_migrations"."version" FROM "schema_migrations" ORDER BY "schema_migrations"."version" ASC[0m
  â†³ /Users/nagamori/.rbenv/versions/2.6.6/lib/ruby/gems/2.6.0/gems/activerecord-5.2.4.4/lib/active_record/log_subscriber.rb:98
Processing by HomesController#top as HTML
  Rendering homes/top.html.erb within layouts/application
  Rendered homes/top.html.erb within layouts/application (2.8ms)
Completed 200 OK in 366ms (Views: 353.5ms | ActiveRecord: 0.0ms)


Started GET "/signup" for ::1 at 2021-01-02 09:44:06 +0900
  
ActionController::RoutingError (No route matches [GET] "/signup"):
  
actionpack (5.2.4.4) lib/action_dispatch/middleware/debug_exceptions.rb:65:in `call'
web-console (3.7.0) lib/web_console/middleware.rb:135:in `call_app'
web-console (3.7.0) lib/web_console/middleware.rb:30:in `block in call'
web-console (3.7.0) lib/web_console/middleware.rb:20:in `catch'
web-console (3.7.0) lib/web_console/middleware.rb:20:in `call'
actionpack (5.2.4.4) lib/action_dispatch/middleware/show_exceptions.rb:33:in `call'
railties (5.2.4.4) lib/rails/rack/logger.rb:38:in `call_app'
railties (5.2.4.4) lib/rails/rack/logger.rb:26:in `block in call'
activesupport (5.2.4.4) lib/active_support/tagged_logging.rb:71:in `block in tagged'
activesupport (5.2.4.4) lib/active_support/tagged_logging.rb:28:in `tagged'
activesupport (5.2.4.4) lib/active_support/tagged_logging.rb:71:in `tagged'
railties (5.2.4.4) lib/rails/rack/logger.rb:26:in `call'
sprockets-rails (3.2.2) lib/sprockets/rails/quiet_assets.rb:13:in `call'
actionpack (5.2.4.4) lib/action_dispatch/middleware/remote_ip.rb:81:in `call'
actionpack (5.2.4.4) lib/action_dispatch/middleware/request_id.rb:27:in `call'
rack (2.2.3) lib/rack/method_override.rb:24:in `call'
rack (2.2.3) lib/rack/runtime.rb:22:in `call'
activesupport (5.2.4.4) lib/active_support/cache/strategy/local_cache_middleware.rb:29:in `call'
actionpack (5.2.4.4) lib/action_dispatch/middleware/executor.rb:14:in `call'
actionpack (5.2.4.4) lib/action_dispatch/middleware/static.rb:127:in `call'
rack (2.2.3) lib/rack/sendfile.rb:110:in `call'
railties (5.2.4.4) lib/rails/engine.rb:524:in `call'
puma (3.12.6) lib/puma/configuration.rb:227:in `call'
puma (3.12.6) lib/puma/server.rb:706:in `handle_request'
puma (3.12.6) lib/puma/server.rb:476:in `process_client'
puma (3.12.6) lib/puma/server.rb:334:in `block in run'
puma (3.12.6) lib/puma/thread_pool.rb:135:in `block in spawn_thread'
Started GET "/users/sign_in" for ::1 at 2021-01-02 09:44:27 +0900
Processing by Devise::SessionsController#new as HTML
  Rendering devise/sessions/new.html.erb within layouts/application
  Rendered devise/shared/_links.html.erb (1.2ms)
  Rendered devise/sessions/new.html.erb within layouts/application (25.1ms)
Completed 200 OK in 65ms (Views: 46.9ms | ActiveRecord: 2.3ms)


Started GET "/users/sign_in" for ::1 at 2021-01-02 09:45:51 +0900
Processing by Devise::SessionsController#new as HTML
  Rendering devise/sessions/new.html.erb within layouts/application
  Rendered devise/shared/_links.html.erb (1.5ms)
  Rendered devise/sessions/new.html.erb within layouts/application (6.9ms)
Completed 200 OK in 47ms (Views: 45.7ms | ActiveRecord: 0.0ms)


Started GET "/users/sign_up" for ::1 at 2021-01-02 09:45:59 +0900
Processing by Devise::RegistrationsController#new as HTML
  Rendering devise/registrations/new.html.erb within layouts/application
  Rendered devise/shared/_error_messages.html.erb (0.5ms)
  Rendered devise/shared/_links.html.erb (1.3ms)
  Rendered devise/registrations/new.html.erb within layouts/application (7.7ms)
Completed 200 OK in 33ms (Views: 31.3ms | ActiveRecord: 0.0ms)


Started POST "/users" for ::1 at 2021-01-02 09:46:48 +0900
Processing by Devise::RegistrationsController#create as HTML
  Parameters: {"utf8"=>"âœ“", "authenticity_token"=>"+wMotc+D6ekVF2POZXCTQwSm1C9LuOA9QyqBldXjjawJZ3tUB6RahWkcsiWJJ4MjF4+VJJO+LMoXl2W5Cz4tlA==", "user"=>{"username"=>"nagamori", "email"=>"nagamorimasato@icoud.com", "password"=>"[FILTERED]", "password_confirmation"=>"[FILTERED]"}, "commit"=>"Sign up"}
  [1m[35m (0.1ms)[0m  [1m[36mbegin transaction[0m
  â†³ /Users/nagamori/.rbenv/versions/2.6.6/lib/ruby/gems/2.6.0/gems/activerecord-5.2.4.4/lib/active_record/log_subscriber.rb:98
  [1m[36mUser Exists (1.2ms)[0m  [1m[34mSELECT  1 AS one FROM "users" WHERE "users"."email" = ? LIMIT ?[0m  [["email", "nagamorimasato@icoud.com"], ["LIMIT", 1]]
  â†³ /Users/nagamori/.rbenv/versions/2.6.6/lib/ruby/gems/2.6.0/gems/activerecord-5.2.4.4/lib/active_record/log_subscriber.rb:98
  [1m[36mUser Create (2.4ms)[0m  [1m[32mINSERT INTO "users" ("email", "encrypted_password", "username", "created_at", "updated_at") VALUES (?, ?, ?, ?, ?)[0m  [["email", "nagamorimasato@icoud.com"], ["encrypted_password", "$2a$12$NfdBnvthC37ouiC9PdoV5eX8ibCcCeujX1Kb2EB.BdHF.8ONILuOu"], ["username", "nagamori"], ["created_at", "2021-01-02 00:46:49.174426"], ["updated_at", "2021-01-02 00:46:49.174426"]]
  â†³ /Users/nagamori/.rbenv/versions/2.6.6/lib/ruby/gems/2.6.0/gems/activerecord-5.2.4.4/lib/active_record/log_subscriber.rb:98
  [1m[35m (1.8ms)[0m  [1m[36mcommit transaction[0m
  â†³ /Users/nagamori/.rbenv/versions/2.6.6/lib/ruby/gems/2.6.0/gems/activerecord-5.2.4.4/lib/active_record/log_subscriber.rb:98
Redirected to http://localhost:3000/
Completed 302 Found in 362ms (ActiveRecord: 5.5ms)


Started GET "/" for ::1 at 2021-01-02 09:46:49 +0900
Processing by HomesController#top as HTML
  Rendering homes/top.html.erb within layouts/application
  Rendered homes/top.html.erb within layouts/application (0.5ms)
Completed 200 OK in 60ms (Views: 57.1ms | ActiveRecord: 0.0ms)


Started GET "/" for ::1 at 2021-01-02 09:51:34 +0900
Processing by HomesController#top as HTML
  Rendering homes/top.html.erb within layouts/application
  Rendered homes/top.html.erb within layouts/application (0.7ms)
Completed 200 OK in 18ms (Views: 16.7ms | ActiveRecord: 0.0ms)


Started GET "/" for ::1 at 2021-01-02 09:52:05 +0900
Processing by HomesController#top as HTML
  Rendering homes/top.html.erb within layouts/application
  Rendered homes/top.html.erb within layouts/application (1.2ms)
Completed 200 OK in 19ms (Views: 17.1ms | ActiveRecord: 0.0ms)


Started GET "/" for ::1 at 2021-01-02 10:05:22 +0900
Processing by HomesController#top as HTML
  Rendering homes/top.html.erb within layouts/application
  Rendered homes/top.html.erb within layouts/application (0.5ms)
  [1m[36mUser Load (0.2ms)[0m  [1m[34mSELECT  "users".* FROM "users" WHERE "users"."id" = ? ORDER BY "users"."id" ASC LIMIT ?[0m  [["id", 1], ["LIMIT", 1]]
  â†³ app/views/layouts/application.html.erb:46
Completed 200 OK in 31ms (Views: 29.6ms | ActiveRecord: 0.2ms)


Started GET "/" for ::1 at 2021-01-02 10:06:17 +0900
Processing by HomesController#top as HTML
  Rendering homes/top.html.erb within layouts/application
  Rendered homes/top.html.erb within layouts/application (1.1ms)
  [1m[36mUser Load (0.7ms)[0m  [1m[34mSELECT  "users".* FROM "users" WHERE "users"."id" = ? ORDER BY "users"."id" ASC LIMIT ?[0m  [["id", 1], ["LIMIT", 1]]
  â†³ app/views/layouts/application.html.erb:46
Completed 200 OK in 78ms (Views: 75.6ms | ActiveRecord: 0.7ms)


Started DELETE "/users/sign_out" for ::1 at 2021-01-02 10:06:40 +0900
Processing by Devise::SessionsController#destroy as HTML
  Parameters: {"authenticity_token"=>"5N9NXFD4zm09j1y4R6hgSzNcttLfO8FuUS7MoZ4O/EcWux69mN99AUGEjVOr/3ArIHX32Qc9DZkFkyiNQNNcfw=="}
  [1m[36mUser Load (0.2ms)[0m  [1m[34mSELECT  "users".* FROM "users" WHERE "users"."id" = ? ORDER BY "users"."id" ASC LIMIT ?[0m  [["id", 1], ["LIMIT", 1]]
  â†³ /Users/nagamori/.rbenv/versions/2.6.6/lib/ruby/gems/2.6.0/gems/activerecord-5.2.4.4/lib/active_record/log_subscriber.rb:98
  [1m[35m (0.1ms)[0m  [1m[36mbegin transaction[0m
  â†³ /Users/nagamori/.rbenv/versions/2.6.6/lib/ruby/gems/2.6.0/gems/activerecord-5.2.4.4/lib/active_record/log_subscriber.rb:98
  [1m[35m (0.0ms)[0m  [1m[36mcommit transaction[0m
  â†³ /Users/nagamori/.rbenv/versions/2.6.6/lib/ruby/gems/2.6.0/gems/activerecord-5.2.4.4/lib/active_record/log_subscriber.rb:98
Redirected to http://localhost:3000/
Completed 302 Found in 18ms (ActiveRecord: 0.3ms)


Started GET "/" for ::1 at 2021-01-02 10:06:40 +0900
Processing by HomesController#top as HTML
  Rendering homes/top.html.erb within layouts/application
  Rendered homes/top.html.erb within layouts/application (0.5ms)
Completed 200 OK in 17ms (Views: 16.1ms | ActiveRecord: 0.0ms)


Started GET "/users/sign_in" for ::1 at 2021-01-02 10:06:46 +0900
Processing by Devise::SessionsController#new as HTML
  Rendering devise/sessions/new.html.erb within layouts/application
  Rendered devise/shared/_links.html.erb (0.8ms)
  Rendered devise/sessions/new.html.erb within layouts/application (3.7ms)
Completed 200 OK in 35ms (Views: 33.5ms | ActiveRecord: 0.0ms)


Started POST "/users/sign_in" for ::1 at 2021-01-02 10:06:48 +0900
Processing by Devise::SessionsController#create as HTML
  Parameters: {"utf8"=>"âœ“", "authenticity_token"=>"4jVGl1WX2sgv5gZHDHkRoKw8WVe6Cphz0i3HPg66xDcJXN0daQcPBVV303gjXpsLaVYpweLcX1vo79eH3ycnBg==", "user"=>{"email"=>"nagamorimasato@icoud.com", "password"=>"[FILTERED]"}, "commit"=>"Log in"}
  [1m[36mUser Load (1.0ms)[0m  [1m[34mSELECT  "users".* FROM "users" WHERE "users"."email" = ? ORDER BY "users"."id" ASC LIMIT ?[0m  [["email", "nagamorimasato@icoud.com"], ["LIMIT", 1]]
  â†³ /Users/nagamori/.rbenv/versions/2.6.6/lib/ruby/gems/2.6.0/gems/activerecord-5.2.4.4/lib/active_record/log_subscriber.rb:98
Redirected to http://localhost:3000/
Completed 302 Found in 314ms (ActiveRecord: 1.0ms)


Started GET "/" for ::1 at 2021-01-02 10:06:49 +0900
Processing by HomesController#top as HTML
  Rendering homes/top.html.erb within layouts/application
  Rendered homes/top.html.erb within layouts/application (0.5ms)
  [1m[36mUser Load (0.2ms)[0m  [1m[34mSELECT  "users".* FROM "users" WHERE "users"."id" = ? ORDER BY "users"."id" ASC LIMIT ?[0m  [["id", 1], ["LIMIT", 1]]
  â†³ app/views/layouts/application.html.erb:46
Completed 200 OK in 45ms (Views: 43.9ms | ActiveRecord: 0.2ms)


  [1m[35m (0.3ms)[0m  [1m[34mSELECT "schema_migrations"."version" FROM "schema_migrations" ORDER BY "schema_migrations"."version" ASC[0m
  â†³ bin/rails:9
Migrating to CreateFoodShops (20210102011038)
  [1m[35m (0.1ms)[0m  [1m[36mbegin transaction[0m
  â†³ bin/rails:9
  [1m[35m (0.1ms)[0m  [1m[34mSELECT sqlite_version(*)[0m
  â†³ db/migrate/20210102011038_create_food_shops.rb:3
  [1m[35m (0.8ms)[0m  [1m[35mCREATE TABLE "food_shops" ("id" integer PRIMARY KEY AUTOINCREMENT NOT NULL, "name" varchar, "created_at" datetime NOT NULL, "updated_at" datetime NOT NULL)[0m
  â†³ db/migrate/20210102011038_create_food_shops.rb:3
  [1m[36mActiveRecord::SchemaMigration Create (0.3ms)[0m  [1m[32mINSERT INTO "schema_migrations" ("version") VALUES (?)[0m  [["version", "20210102011038"]]
  â†³ bin/rails:9
  [1m[35m (1.9ms)[0m  [1m[36mcommit transaction[0m
  â†³ bin/rails:9
  [1m[36mActiveRecord::InternalMetadata Load (0.3ms)[0m  [1m[34mSELECT  "ar_internal_metadata".* FROM "ar_internal_metadata" WHERE "ar_internal_metadata"."key" = ? LIMIT ?[0m  [["key", "environment"], ["LIMIT", 1]]
  â†³ bin/rails:9
  [1m[35m (0.1ms)[0m  [1m[36mbegin transaction[0m
  â†³ bin/rails:9
  [1m[35m (0.1ms)[0m  [1m[36mcommit transaction[0m
  â†³ bin/rails:9
  [1m[35m (0.4ms)[0m  [1m[34mSELECT "schema_migrations"."version" FROM "schema_migrations" ORDER BY "schema_migrations"."version" ASC[0m
  â†³ bin/rails:9
  [1m[35m (0.2ms)[0m  [1m[34mSELECT "schema_migrations"."version" FROM "schema_migrations" ORDER BY "schema_migrations"."version" ASC[0m
  â†³ bin/rails:9
  [1m[35m (0.1ms)[0m  [1m[36mbegin transaction[0m
  â†³ db/seeds.rb:8
  [1m[36mFoodShop Create (0.7ms)[0m  [1m[32mINSERT INTO "food_shops" ("name", "created_at", "updated_at") VALUES (?, ?, ?)[0m  [["name", "ãƒªãƒˆãƒ«ã‚¸ãƒ¥ãƒ¼ã‚¹ãƒãƒ¼"], ["created_at", "2021-01-02 01:14:34.010310"], ["updated_at", "2021-01-02 01:14:34.010310"]]
  â†³ db/seeds.rb:8
  [1m[35m (2.3ms)[0m  [1m[36mcommit transaction[0m
  â†³ db/seeds.rb:8
  [1m[35m (0.1ms)[0m  [1m[36mbegin transaction[0m
  â†³ db/seeds.rb:9
  [1m[36mFoodShop Create (0.7ms)[0m  [1m[32mINSERT INTO "food_shops" ("name", "created_at", "updated_at") VALUES (?, ?, ?)[0m  [["name", "çŸ³ç‹©ä¸¼ã®åº—"], ["created_at", "2021-01-02 01:14:34.015990"], ["updated_at", "2021-01-02 01:14:34.015990"]]
  â†³ db/seeds.rb:9
  [1m[35m (1.8ms)[0m  [1m[36mcommit transaction[0m
  â†³ db/seeds.rb:9
  [1m[35m (0.1ms)[0m  [1m[36mbegin transaction[0m
  â†³ db/seeds.rb:10
  [1m[36mFoodShop Create (0.5ms)[0m  [1m[32mINSERT INTO "food_shops" ("name", "created_at", "updated_at") VALUES (?, ?, ?)[0m  [["name", "å¸ƒè¢‹"], ["created_at", "2021-01-02 01:14:34.020492"], ["updated_at", "2021-01-02 01:14:34.020492"]]
  â†³ db/seeds.rb:10
  [1m[35m (1.9ms)[0m  [1m[36mcommit transaction[0m
  â†³ db/seeds.rb:10
  [1m[35m (0.1ms)[0m  [1m[36mbegin transaction[0m
  â†³ db/seeds.rb:11
  [1m[36mFoodShop Create (1.0ms)[0m  [1m[32mINSERT INTO "food_shops" ("name", "created_at", "updated_at") VALUES (?, ?, ?)[0m  [["name", "ç‚­ç‚­"], ["created_at", "2021-01-02 01:14:34.025991"], ["updated_at", "2021-01-02 01:14:34.025991"]]
  â†³ db/seeds.rb:11
  [1m[35m (3.1ms)[0m  [1m[36mcommit transaction[0m
  â†³ db/seeds.rb:11
  [1m[36mFoodShop Load (0.8ms)[0m  [1m[34mSELECT  "food_shops".* FROM "food_shops" LIMIT ?[0m  [["LIMIT", 11]]
Started GET "/food_shops" for ::1 at 2021-01-02 10:30:40 +0900
  [1m[35m (0.2ms)[0m  [1m[34mSELECT "schema_migrations"."version" FROM "schema_migrations" ORDER BY "schema_migrations"."version" ASC[0m
  â†³ /Users/nagamori/.rbenv/versions/2.6.6/lib/ruby/gems/2.6.0/gems/activerecord-5.2.4.4/lib/active_record/log_subscriber.rb:98
Processing by FoodShopsController#index as HTML
  Rendering food_shops/index.html.erb within layouts/application
  [1m[36mFoodShop Load (0.3ms)[0m  [1m[34mSELECT "food_shops".* FROM "food_shops"[0m
  â†³ app/views/food_shops/index.html.erb:5
  Rendered food_shops/index.html.erb within layouts/application (7.9ms)
  [1m[36mUser Load (0.2ms)[0m  [1m[34mSELECT  "users".* FROM "users" WHERE "users"."id" = ? ORDER BY "users"."id" ASC LIMIT ?[0m  [["id", 1], ["LIMIT", 1]]
  â†³ app/views/layouts/application.html.erb:46
Completed 200 OK in 4000ms (Views: 3982.7ms | ActiveRecord: 2.6ms)


Started GET "/food_shops" for ::1 at 2021-01-02 10:48:50 +0900
Processing by FoodShopsController#index as HTML
  Rendering food_shops/index.html.erb within layouts/application
  [1m[36mFoodShop Load (0.3ms)[0m  [1m[34mSELECT "food_shops".* FROM "food_shops"[0m
  â†³ app/views/food_shops/index.html.erb:5
  Rendered food_shops/index.html.erb within layouts/application (1.8ms)
  [1m[36mUser Load (0.3ms)[0m  [1m[34mSELECT  "users".* FROM "users" WHERE "users"."id" = ? ORDER BY "users"."id" ASC LIMIT ?[0m  [["id", 1], ["LIMIT", 1]]
  â†³ app/views/layouts/application.html.erb:46
Completed 200 OK in 48ms (Views: 28.5ms | ActiveRecord: 0.6ms)


Started GET "/food_shops" for ::1 at 2021-01-02 10:51:22 +0900
Processing by FoodShopsController#index as HTML
  Rendering food_shops/index.html.erb within layouts/application
  [1m[36mFoodShop Load (0.2ms)[0m  [1m[34mSELECT "food_shops".* FROM "food_shops"[0m
  â†³ app/views/food_shops/index.html.erb:5
  Rendered food_shops/index.html.erb within layouts/application (1.2ms)
  [1m[36mUser Load (0.1ms)[0m  [1m[34mSELECT  "users".* FROM "users" WHERE "users"."id" = ? ORDER BY "users"."id" ASC LIMIT ?[0m  [["id", 1], ["LIMIT", 1]]
  â†³ app/views/layouts/application.html.erb:46
Completed 200 OK in 25ms (Views: 22.6ms | ActiveRecord: 0.3ms)


Started GET "/" for ::1 at 2021-01-03 12:05:44 +0900
  [1m[35m (1.5ms)[0m  [1m[34mSELECT "schema_migrations"."version" FROM "schema_migrations" ORDER BY "schema_migrations"."version" ASC[0m
  â†³ /Users/nagamori/.rbenv/versions/2.6.6/lib/ruby/gems/2.6.0/gems/activerecord-5.2.4.4/lib/active_record/log_subscriber.rb:98
Processing by HomesController#top as HTML
  Rendering homes/top.html.erb within layouts/application
  Rendered homes/top.html.erb within layouts/application (2.5ms)
  [1m[36mUser Load (1.6ms)[0m  [1m[34mSELECT  "users".* FROM "users" WHERE "users"."id" = ? ORDER BY "users"."id" ASC LIMIT ?[0m  [["id", 1], ["LIMIT", 1]]
  â†³ app/views/layouts/application.html.erb:46
Completed 200 OK in 386ms (Views: 371.5ms | ActiveRecord: 2.6ms)


Started DELETE "/users/sign_out" for ::1 at 2021-01-03 13:06:06 +0900
Processing by Devise::SessionsController#destroy as HTML
  Parameters: {"authenticity_token"=>"vzGaKfK0JMlUFlCrJBmRMPWmoQ1lMQl484IqRiMBS9qvvn9d6Lw3i+EXTRrbdr8JjNCTPReK7AXSm1AHhVFwHA=="}
  [1m[36mUser Load (1.6ms)[0m  [1m[34mSELECT  "users".* FROM "users" WHERE "users"."id" = ? ORDER BY "users"."id" ASC LIMIT ?[0m  [["id", 1], ["LIMIT", 1]]
  â†³ /Users/nagamori/.rbenv/versions/2.6.6/lib/ruby/gems/2.6.0/gems/activerecord-5.2.4.4/lib/active_record/log_subscriber.rb:98
  [1m[35m (0.1ms)[0m  [1m[36mbegin transaction[0m
  â†³ /Users/nagamori/.rbenv/versions/2.6.6/lib/ruby/gems/2.6.0/gems/activerecord-5.2.4.4/lib/active_record/log_subscriber.rb:98
  [1m[35m (0.1ms)[0m  [1m[36mcommit transaction[0m
  â†³ /Users/nagamori/.rbenv/versions/2.6.6/lib/ruby/gems/2.6.0/gems/activerecord-5.2.4.4/lib/active_record/log_subscriber.rb:98
Redirected to http://localhost:3000/
Completed 302 Found in 30ms (ActiveRecord: 1.8ms)


Started GET "/" for ::1 at 2021-01-03 13:06:06 +0900
Processing by HomesController#top as HTML
  Rendering homes/top.html.erb within layouts/application
  Rendered homes/top.html.erb within layouts/application (0.9ms)
Completed 200 OK in 46ms (Views: 42.4ms | ActiveRecord: 0.0ms)


Started GET "/users/sign_in" for ::1 at 2021-01-03 13:06:13 +0900
Processing by Devise::SessionsController#new as HTML
  Rendering devise/sessions/new.html.erb within layouts/application
  Rendered devise/shared/_links.html.erb (1.1ms)
  Rendered devise/sessions/new.html.erb within layouts/application (25.0ms)
Completed 200 OK in 50ms (Views: 48.4ms | ActiveRecord: 0.0ms)


Started POST "/users/sign_in" for ::1 at 2021-01-03 13:06:17 +0900
Processing by Devise::SessionsController#create as HTML
  Parameters: {"utf8"=>"âœ“", "authenticity_token"=>"dk9jNCBxSIVMH12PYzgLRQx6Fk5EXxgTQKl3Ay/0nHZjYdPnEC/tyFvChDJLiwMUFq1aRhpHRNd+heQ4MVZ+5g==", "user"=>{"email"=>"nagamorimasato@icoud.com", "password"=>"[FILTERED]"}, "commit"=>"Log in"}
  [1m[36mUser Load (1.6ms)[0m  [1m[34mSELECT  "users".* FROM "users" WHERE "users"."email" = ? ORDER BY "users"."id" ASC LIMIT ?[0m  [["email", "nagamorimasato@icoud.com"], ["LIMIT", 1]]
  â†³ /Users/nagamori/.rbenv/versions/2.6.6/lib/ruby/gems/2.6.0/gems/activerecord-5.2.4.4/lib/active_record/log_subscriber.rb:98
Redirected to http://localhost:3000/
Completed 302 Found in 468ms (ActiveRecord: 1.6ms)


Started GET "/" for ::1 at 2021-01-03 13:06:18 +0900
Processing by HomesController#top as HTML
  Rendering homes/top.html.erb within layouts/application
  Rendered homes/top.html.erb within layouts/application (0.8ms)
  [1m[36mUser Load (0.2ms)[0m  [1m[34mSELECT  "users".* FROM "users" WHERE "users"."id" = ? ORDER BY "users"."id" ASC LIMIT ?[0m  [["id", 1], ["LIMIT", 1]]
  â†³ app/views/layouts/application.html.erb:46
Completed 200 OK in 33ms (Views: 31.0ms | ActiveRecord: 0.2ms)


  [1m[36mFoodShop Load (2.4ms)[0m  [1m[34mSELECT  "food_shops".* FROM "food_shops" LIMIT ?[0m  [["LIMIT", 11]]
  [1m[35m (1.4ms)[0m  [1m[34mSELECT "schema_migrations"."version" FROM "schema_migrations" ORDER BY "schema_migrations"."version" ASC[0m
  â†³ bin/rails:9
Migrating to CreateReviews (20210103042009)
  [1m[35m (0.1ms)[0m  [1m[36mbegin transaction[0m
  â†³ bin/rails:9
  [1m[35m (0.1ms)[0m  [1m[34mSELECT sqlite_version(*)[0m
  â†³ db/migrate/20210103042009_create_reviews.rb:3
  [1m[35m (0.6ms)[0m  [1m[35mCREATE TABLE "reviews" ("id" integer PRIMARY KEY AUTOINCREMENT NOT NULL, "user_id" integer, "food_shop_id" integer, "content" varchar, "score" integer, "created_at" datetime NOT NULL, "updated_at" datetime NOT NULL, CONSTRAINT "fk_rails_74a66bd6c5"
FOREIGN KEY ("user_id")
  REFERENCES "users" ("id")
, CONSTRAINT "fk_rails_99c765d60f"
FOREIGN KEY ("food_shop_id")
  REFERENCES "food_shops" ("id")
)[0m
  â†³ db/migrate/20210103042009_create_reviews.rb:3
  [1m[35m (0.1ms)[0m  [1m[35mCREATE  INDEX "index_reviews_on_user_id" ON "reviews" ("user_id")[0m
  â†³ db/migrate/20210103042009_create_reviews.rb:3
  [1m[35m (0.7ms)[0m  [1m[35mCREATE  INDEX "index_reviews_on_food_shop_id" ON "reviews" ("food_shop_id")[0m
  â†³ db/migrate/20210103042009_create_reviews.rb:3
  [1m[36mActiveRecord::SchemaMigration Create (1.4ms)[0m  [1m[32mINSERT INTO "schema_migrations" ("version") VALUES (?)[0m  [["version", "20210103042009"]]
  â†³ bin/rails:9
  [1m[35m (2.4ms)[0m  [1m[36mcommit transaction[0m
  â†³ bin/rails:9
  [1m[36mActiveRecord::InternalMetadata Load (2.3ms)[0m  [1m[34mSELECT  "ar_internal_metadata".* FROM "ar_internal_metadata" WHERE "ar_internal_metadata"."key" = ? LIMIT ?[0m  [["key", "environment"], ["LIMIT", 1]]
  â†³ bin/rails:9
  [1m[35m (0.1ms)[0m  [1m[36mbegin transaction[0m
  â†³ bin/rails:9
  [1m[35m (0.1ms)[0m  [1m[36mcommit transaction[0m
  â†³ bin/rails:9
  [1m[35m (0.3ms)[0m  [1m[34mSELECT "schema_migrations"."version" FROM "schema_migrations" ORDER BY "schema_migrations"."version" ASC[0m
  â†³ bin/rails:9
Started GET "/" for ::1 at 2021-01-03 13:45:50 +0900
  [1m[35m (0.4ms)[0m  [1m[34mSELECT "schema_migrations"."version" FROM "schema_migrations" ORDER BY "schema_migrations"."version" ASC[0m
  â†³ /Users/nagamori/.rbenv/versions/2.6.6/lib/ruby/gems/2.6.0/gems/activerecord-5.2.4.4/lib/active_record/log_subscriber.rb:98
Processing by HomesController#top as HTML
  Rendering homes/top.html.erb within layouts/application
  Rendered homes/top.html.erb within layouts/application (3.1ms)
  [1m[36mUser Load (1.7ms)[0m  [1m[34mSELECT  "users".* FROM "users" WHERE "users"."id" = ? ORDER BY "users"."id" ASC LIMIT ?[0m  [["id", 1], ["LIMIT", 1]]
  â†³ app/views/layouts/application.html.erb:46
Completed 200 OK in 4769ms (Views: 4753.9ms | ActiveRecord: 2.4ms)


Started GET "/food_shops/1" for ::1 at 2021-01-03 13:46:27 +0900
Processing by FoodShopsController#show as HTML
  Parameters: {"id"=>"1"}
  [1m[36mFoodShop Load (1.2ms)[0m  [1m[34mSELECT  "food_shops".* FROM "food_shops" WHERE "food_shops"."id" = ? LIMIT ?[0m  [["id", 1], ["LIMIT", 1]]
  â†³ app/controllers/food_shops_controller.rb:7
  Rendering food_shops/show.html.erb within layouts/application
  [1m[35m (0.5ms)[0m  [1m[34mSELECT COUNT(*) FROM "reviews" WHERE "reviews"."food_shop_id" = ?[0m  [["food_shop_id", 1]]
  â†³ app/views/food_shops/show.html.erb:18
  Rendered reviews/_form.html.erb (18.6ms)
  Rendered food_shops/show.html.erb within layouts/application (75.9ms)
  [1m[36mUser Load (0.2ms)[0m  [1m[34mSELECT  "users".* FROM "users" WHERE "users"."id" = ? ORDER BY "users"."id" ASC LIMIT ?[0m  [["id", 1], ["LIMIT", 1]]
  â†³ app/views/layouts/application.html.erb:46
Completed 200 OK in 141ms (Views: 107.3ms | ActiveRecord: 4.6ms)


Started GET "/food_shops/1" for ::1 at 2021-01-03 14:09:33 +0900
Processing by FoodShopsController#show as HTML
  Parameters: {"id"=>"1"}
  [1m[36mFoodShop Load (1.2ms)[0m  [1m[34mSELECT  "food_shops".* FROM "food_shops" WHERE "food_shops"."id" = ? LIMIT ?[0m  [["id", 1], ["LIMIT", 1]]
  â†³ app/controllers/food_shops_controller.rb:7
  Rendering food_shops/show.html.erb within layouts/application
  [1m[35m (1.1ms)[0m  [1m[34mSELECT COUNT(*) FROM "reviews" WHERE "reviews"."food_shop_id" = ?[0m  [["food_shop_id", 1]]
  â†³ app/views/food_shops/show.html.erb:18
  Rendered reviews/_form.html.erb (1.3ms)
  Rendered food_shops/show.html.erb within layouts/application (4.7ms)
  [1m[36mUser Load (1.4ms)[0m  [1m[34mSELECT  "users".* FROM "users" WHERE "users"."id" = ? ORDER BY "users"."id" ASC LIMIT ?[0m  [["id", 1], ["LIMIT", 1]]
  â†³ app/views/layouts/application.html.erb:46
Completed 200 OK in 3557ms (Views: 3550.8ms | ActiveRecord: 3.8ms)


Started GET "/food_shops/1" for ::1 at 2021-01-03 14:29:09 +0900
Processing by FoodShopsController#show as HTML
  Parameters: {"id"=>"1"}
  [1m[36mFoodShop Load (1.3ms)[0m  [1m[34mSELECT  "food_shops".* FROM "food_shops" WHERE "food_shops"."id" = ? LIMIT ?[0m  [["id", 1], ["LIMIT", 1]]
  â†³ app/controllers/food_shops_controller.rb:7
  Rendering food_shops/show.html.erb within layouts/application
  [1m[35m (1.2ms)[0m  [1m[34mSELECT COUNT(*) FROM "reviews" WHERE "reviews"."food_shop_id" = ?[0m  [["food_shop_id", 1]]
  â†³ app/views/food_shops/show.html.erb:18
  Rendered reviews/_form.html.erb (197.4ms)
  Rendered food_shops/show.html.erb within layouts/application (201.9ms)
Completed 500 Internal Server Error in 210ms (ActiveRecord: 2.5ms)


  
ActionView::Template::Error (reviews.js):
    20:   <% end %>
    21: </div>
    22: 
    23: <%= javascript_include_tag 'reviews.js' %>
  
app/views/reviews/_form.html.erb:23:in `_app_views_reviews__form_html_erb___2323947414900766451_70198384668740'
app/views/food_shops/show.html.erb:23:in `_app_views_food_shops_show_html_erb___596723791487273341_70198384439440'
Started GET "/food_shops/1" for ::1 at 2021-01-03 14:30:32 +0900
  [1m[35m (1.6ms)[0m  [1m[34mSELECT "schema_migrations"."version" FROM "schema_migrations" ORDER BY "schema_migrations"."version" ASC[0m
  â†³ /Users/nagamori/.rbenv/versions/2.6.6/lib/ruby/gems/2.6.0/gems/activerecord-5.2.4.4/lib/active_record/log_subscriber.rb:98
Processing by FoodShopsController#show as HTML
  Parameters: {"id"=>"1"}
  [1m[36mFoodShop Load (0.3ms)[0m  [1m[34mSELECT  "food_shops".* FROM "food_shops" WHERE "food_shops"."id" = ? LIMIT ?[0m  [["id", 1], ["LIMIT", 1]]
  â†³ app/controllers/food_shops_controller.rb:7
  Rendering food_shops/show.html.erb within layouts/application
  [1m[35m (0.4ms)[0m  [1m[34mSELECT COUNT(*) FROM "reviews" WHERE "reviews"."food_shop_id" = ?[0m  [["food_shop_id", 1]]
  â†³ app/views/food_shops/show.html.erb:18
  Rendered reviews/_form.html.erb (338.9ms)
  Rendered food_shops/show.html.erb within layouts/application (356.0ms)
  [1m[36mUser Load (1.6ms)[0m  [1m[34mSELECT  "users".* FROM "users" WHERE "users"."id" = ? ORDER BY "users"."id" ASC LIMIT ?[0m  [["id", 1], ["LIMIT", 1]]
  â†³ app/views/layouts/application.html.erb:46
Completed 200 OK in 786ms (Views: 684.4ms | ActiveRecord: 63.0ms)


Started GET "/food_shops/1" for ::1 at 2021-01-03 14:34:16 +0900
Processing by FoodShopsController#show as HTML
  Parameters: {"id"=>"1"}
  [1m[36mFoodShop Load (0.4ms)[0m  [1m[34mSELECT  "food_shops".* FROM "food_shops" WHERE "food_shops"."id" = ? LIMIT ?[0m  [["id", 1], ["LIMIT", 1]]
  â†³ app/controllers/food_shops_controller.rb:7
  Rendering food_shops/show.html.erb within layouts/application
  [1m[35m (0.2ms)[0m  [1m[34mSELECT COUNT(*) FROM "reviews" WHERE "reviews"."food_shop_id" = ?[0m  [["food_shop_id", 1]]
  â†³ app/views/food_shops/show.html.erb:18
  Rendered reviews/_form.html.erb (3.2ms)
  Rendered food_shops/show.html.erb within layouts/application (6.6ms)
  [1m[36mUser Load (0.1ms)[0m  [1m[34mSELECT  "users".* FROM "users" WHERE "users"."id" = ? ORDER BY "users"."id" ASC LIMIT ?[0m  [["id", 1], ["LIMIT", 1]]
  â†³ app/views/layouts/application.html.erb:46
Completed 200 OK in 32ms (Views: 28.9ms | ActiveRecord: 0.7ms)


Started GET "/food_shops/1" for ::1 at 2021-01-03 14:41:32 +0900
Processing by FoodShopsController#show as HTML
  Parameters: {"id"=>"1"}
  [1m[36mFoodShop Load (0.2ms)[0m  [1m[34mSELECT  "food_shops".* FROM "food_shops" WHERE "food_shops"."id" = ? LIMIT ?[0m  [["id", 1], ["LIMIT", 1]]
  â†³ app/controllers/food_shops_controller.rb:7
  Rendering food_shops/show.html.erb within layouts/application
  [1m[35m (0.2ms)[0m  [1m[34mSELECT COUNT(*) FROM "reviews" WHERE "reviews"."food_shop_id" = ?[0m  [["food_shop_id", 1]]
  â†³ app/views/food_shops/show.html.erb:18
  Rendered reviews/_form.html.erb (7.1ms)
  Rendered food_shops/show.html.erb within layouts/application (13.1ms)
  [1m[36mUser Load (0.4ms)[0m  [1m[34mSELECT  "users".* FROM "users" WHERE "users"."id" = ? ORDER BY "users"."id" ASC LIMIT ?[0m  [["id", 1], ["LIMIT", 1]]
  â†³ app/views/layouts/application.html.erb:46
Completed 200 OK in 99ms (Views: 73.9ms | ActiveRecord: 2.9ms)


Started POST "/food_shops/1/reviews" for ::1 at 2021-01-03 14:41:55 +0900
  
SyntaxError (/Users/nagamori/Desktop/food_review/app/controllers/reviews_controller.rb:21: syntax error, unexpected end, expecting end-of-input):
  
app/controllers/reviews_controller.rb:21: syntax error, unexpected end, expecting end-of-input
Started POST "/food_shops/1/reviews" for ::1 at 2021-01-03 14:43:04 +0900
Processing by ReviewsController#create as HTML
  Parameters: {"utf8"=>"âœ“", "authenticity_token"=>"SxpxG+d6fAW68Yd2SCEWKntzz/7lxEOU1H2ZNHNxl4S/spi0i+UCiPMYTxvPWUZrlBRXgKKWIGat5ZTUV76knw==", "review"=>{"food_shop_id"=>"1", "score"=>"5", "content"=>"ã†ã¾ã—ï¼"}, "commit"=>"ä¿å­˜", "food_shop_id"=>"1"}
  [1m[36mUser Load (0.2ms)[0m  [1m[34mSELECT  "users".* FROM "users" WHERE "users"."id" = ? ORDER BY "users"."id" ASC LIMIT ?[0m  [["id", 1], ["LIMIT", 1]]
  â†³ app/controllers/reviews_controller.rb:7
  [1m[35m (0.1ms)[0m  [1m[36mbegin transaction[0m
  â†³ app/controllers/reviews_controller.rb:8
  [1m[36mUser Load (0.2ms)[0m  [1m[34mSELECT  "users".* FROM "users" WHERE "users"."id" = ? LIMIT ?[0m  [["id", 1], ["LIMIT", 1]]
  â†³ app/controllers/reviews_controller.rb:8
  [1m[36mFoodShop Load (0.1ms)[0m  [1m[34mSELECT  "food_shops".* FROM "food_shops" WHERE "food_shops"."id" = ? LIMIT ?[0m  [["id", 1], ["LIMIT", 1]]
  â†³ app/controllers/reviews_controller.rb:8
  [1m[36mReview Create (4.0ms)[0m  [1m[32mINSERT INTO "reviews" ("user_id", "food_shop_id", "content", "score", "created_at", "updated_at") VALUES (?, ?, ?, ?, ?, ?)[0m  [["user_id", 1], ["food_shop_id", 1], ["content", "ã†ã¾ã—ï¼"], ["score", 5], ["created_at", "2021-01-03 05:43:05.060207"], ["updated_at", "2021-01-03 05:43:05.060207"]]
  â†³ app/controllers/reviews_controller.rb:8
  [1m[35m (6.2ms)[0m  [1m[36mcommit transaction[0m
  â†³ app/controllers/reviews_controller.rb:8
Redirected to http://localhost:3000/food_shops/1/reviews
Completed 302 Found in 79ms (ActiveRecord: 13.0ms)


Started GET "/food_shops/1/reviews" for ::1 at 2021-01-03 14:43:05 +0900
Processing by ReviewsController#index as HTML
  Parameters: {"food_shop_id"=>"1"}
  Rendering reviews/index.html.erb within layouts/application
  Rendered reviews/index.html.erb within layouts/application (0.5ms)
  [1m[36mUser Load (0.2ms)[0m  [1m[34mSELECT  "users".* FROM "users" WHERE "users"."id" = ? ORDER BY "users"."id" ASC LIMIT ?[0m  [["id", 1], ["LIMIT", 1]]
  â†³ app/views/layouts/application.html.erb:46
Completed 200 OK in 54ms (Views: 49.3ms | ActiveRecord: 0.2ms)


Started GET "/food_shops/1/reviews" for ::1 at 2021-01-03 14:50:20 +0900
Processing by ReviewsController#index as HTML
  Parameters: {"food_shop_id"=>"1"}
  [1m[36mFoodShop Load (0.2ms)[0m  [1m[34mSELECT  "food_shops".* FROM "food_shops" WHERE "food_shops"."id" = ? LIMIT ?[0m  [["id", 1], ["LIMIT", 1]]
  â†³ app/controllers/reviews_controller.rb:4
  Rendering reviews/index.html.erb within layouts/application
  [1m[35m (0.5ms)[0m  [1m[34mSELECT COUNT(*) FROM "reviews" WHERE "reviews"."food_shop_id" = ?[0m  [["food_shop_id", 1]]
  â†³ app/views/reviews/index.html.erb:18
  [1m[36mReview Load (0.3ms)[0m  [1m[34mSELECT "reviews".* FROM "reviews" WHERE "reviews"."food_shop_id" = ?[0m  [["food_shop_id", 1]]
  â†³ app/views/reviews/index.html.erb:30
  [1m[36mUser Load (0.5ms)[0m  [1m[34mSELECT  "users".* FROM "users" WHERE "users"."id" = ? LIMIT ?[0m  [["id", 1], ["LIMIT", 1]]
  â†³ app/views/reviews/index.html.erb:32
  Rendered reviews/index.html.erb within layouts/application (31.3ms)
  [1m[36mUser Load (0.2ms)[0m  [1m[34mSELECT  "users".* FROM "users" WHERE "users"."id" = ? ORDER BY "users"."id" ASC LIMIT ?[0m  [["id", 1], ["LIMIT", 1]]
  â†³ app/views/layouts/application.html.erb:46
Completed 200 OK in 75ms (Views: 55.8ms | ActiveRecord: 5.8ms)


Started GET "/food_shops/1/reviews" for ::1 at 2021-01-03 14:51:57 +0900
Processing by ReviewsController#index as HTML
  Parameters: {"food_shop_id"=>"1"}
  [1m[36mFoodShop Load (0.1ms)[0m  [1m[34mSELECT  "food_shops".* FROM "food_shops" WHERE "food_shops"."id" = ? LIMIT ?[0m  [["id", 1], ["LIMIT", 1]]
  â†³ app/controllers/reviews_controller.rb:4
  Rendering reviews/index.html.erb within layouts/application
  [1m[35m (0.3ms)[0m  [1m[34mSELECT COUNT(*) FROM "reviews" WHERE "reviews"."food_shop_id" = ?[0m  [["food_shop_id", 1]]
  â†³ app/views/reviews/index.html.erb:18
  [1m[36mReview Load (0.3ms)[0m  [1m[34mSELECT "reviews".* FROM "reviews" WHERE "reviews"."food_shop_id" = ?[0m  [["food_shop_id", 1]]
  â†³ app/views/reviews/index.html.erb:30
  [1m[36mUser Load (0.1ms)[0m  [1m[34mSELECT  "users".* FROM "users" WHERE "users"."id" = ? LIMIT ?[0m  [["id", 1], ["LIMIT", 1]]
  â†³ app/views/reviews/index.html.erb:32
  Rendered reviews/index.html.erb within layouts/application (5.1ms)
  [1m[36mUser Load (0.2ms)[0m  [1m[34mSELECT  "users".* FROM "users" WHERE "users"."id" = ? ORDER BY "users"."id" ASC LIMIT ?[0m  [["id", 1], ["LIMIT", 1]]
  â†³ app/views/layouts/application.html.erb:46
Completed 200 OK in 35ms (Views: 32.1ms | ActiveRecord: 1.0ms)


Started GET "/food_shops" for ::1 at 2021-01-03 14:51:58 +0900
Processing by FoodShopsController#index as HTML
  Rendering food_shops/index.html.erb within layouts/application
  [1m[36mFoodShop Load (0.2ms)[0m  [1m[34mSELECT "food_shops".* FROM "food_shops"[0m
  â†³ app/views/food_shops/index.html.erb:5
  Rendered food_shops/index.html.erb within layouts/application (1.5ms)
  [1m[36mUser Load (0.1ms)[0m  [1m[34mSELECT  "users".* FROM "users" WHERE "users"."id" = ? ORDER BY "users"."id" ASC LIMIT ?[0m  [["id", 1], ["LIMIT", 1]]
  â†³ app/views/layouts/application.html.erb:46
Completed 200 OK in 29ms (Views: 25.0ms | ActiveRecord: 0.4ms)


Started GET "/food_shops" for ::1 at 2021-01-03 14:54:57 +0900
Processing by FoodShopsController#index as HTML
  Rendering food_shops/index.html.erb within layouts/application
  [1m[36mFoodShop Load (0.2ms)[0m  [1m[34mSELECT "food_shops".* FROM "food_shops"[0m
  â†³ app/views/food_shops/index.html.erb:5
  Rendered food_shops/index.html.erb within layouts/application (2.0ms)
  [1m[36mUser Load (0.2ms)[0m  [1m[34mSELECT  "users".* FROM "users" WHERE "users"."id" = ? ORDER BY "users"."id" ASC LIMIT ?[0m  [["id", 1], ["LIMIT", 1]]
  â†³ app/views/layouts/application.html.erb:46
Completed 200 OK in 41ms (Views: 38.7ms | ActiveRecord: 0.4ms)


Started GET "/food_shops/1/reviews" for ::1 at 2021-01-03 14:55:04 +0900
Processing by ReviewsController#index as HTML
  Parameters: {"food_shop_id"=>"1"}
  [1m[36mFoodShop Load (0.3ms)[0m  [1m[34mSELECT  "food_shops".* FROM "food_shops" WHERE "food_shops"."id" = ? LIMIT ?[0m  [["id", 1], ["LIMIT", 1]]
  â†³ app/controllers/reviews_controller.rb:4
  Rendering reviews/index.html.erb within layouts/application
  [1m[35m (0.3ms)[0m  [1m[34mSELECT COUNT(*) FROM "reviews" WHERE "reviews"."food_shop_id" = ?[0m  [["food_shop_id", 1]]
  â†³ app/views/reviews/index.html.erb:18
  [1m[36mReview Load (0.2ms)[0m  [1m[34mSELECT "reviews".* FROM "reviews" WHERE "reviews"."food_shop_id" = ?[0m  [["food_shop_id", 1]]
  â†³ app/views/reviews/index.html.erb:30
  [1m[36mUser Load (0.2ms)[0m  [1m[34mSELECT  "users".* FROM "users" WHERE "users"."id" = ? LIMIT ?[0m  [["id", 1], ["LIMIT", 1]]
  â†³ app/views/reviews/index.html.erb:32
  Rendered reviews/index.html.erb within layouts/application (7.4ms)
  [1m[36mUser Load (0.2ms)[0m  [1m[34mSELECT  "users".* FROM "users" WHERE "users"."id" = ? ORDER BY "users"."id" ASC LIMIT ?[0m  [["id", 1], ["LIMIT", 1]]
  â†³ app/views/layouts/application.html.erb:46
Completed 200 OK in 47ms (Views: 41.8ms | ActiveRecord: 1.0ms)


Started GET "/food_shops" for ::1 at 2021-01-03 14:55:12 +0900
Processing by FoodShopsController#index as HTML
  Rendering food_shops/index.html.erb within layouts/application
  [1m[36mFoodShop Load (0.2ms)[0m  [1m[34mSELECT "food_shops".* FROM "food_shops"[0m
  â†³ app/views/food_shops/index.html.erb:5
  Rendered food_shops/index.html.erb within layouts/application (2.8ms)
  [1m[36mUser Load (0.2ms)[0m  [1m[34mSELECT  "users".* FROM "users" WHERE "users"."id" = ? ORDER BY "users"."id" ASC LIMIT ?[0m  [["id", 1], ["LIMIT", 1]]
  â†³ app/views/layouts/application.html.erb:46
Completed 200 OK in 29ms (Views: 26.5ms | ActiveRecord: 0.3ms)


Started GET "/food_shops/1" for ::1 at 2021-01-03 14:55:13 +0900
Processing by FoodShopsController#show as HTML
  Parameters: {"id"=>"1"}
  [1m[36mFoodShop Load (0.2ms)[0m  [1m[34mSELECT  "food_shops".* FROM "food_shops" WHERE "food_shops"."id" = ? LIMIT ?[0m  [["id", 1], ["LIMIT", 1]]
  â†³ app/controllers/food_shops_controller.rb:7
  Rendering food_shops/show.html.erb within layouts/application
  [1m[35m (0.4ms)[0m  [1m[34mSELECT COUNT(*) FROM "reviews" WHERE "reviews"."food_shop_id" = ?[0m  [["food_shop_id", 1]]
  â†³ app/views/food_shops/show.html.erb:18
  Rendered reviews/_form.html.erb (7.1ms)
  Rendered food_shops/show.html.erb within layouts/application (11.0ms)
  [1m[36mUser Load (0.2ms)[0m  [1m[34mSELECT  "users".* FROM "users" WHERE "users"."id" = ? ORDER BY "users"."id" ASC LIMIT ?[0m  [["id", 1], ["LIMIT", 1]]
  â†³ app/views/layouts/application.html.erb:46
Completed 200 OK in 38ms (Views: 35.2ms | ActiveRecord: 0.7ms)


Started GET "/food_shops" for ::1 at 2021-01-03 14:57:50 +0900
Processing by FoodShopsController#index as HTML
  Rendering food_shops/index.html.erb within layouts/application
  [1m[36mFoodShop Load (0.2ms)[0m  [1m[34mSELECT "food_shops".* FROM "food_shops"[0m
  â†³ app/views/food_shops/index.html.erb:5
  Rendered food_shops/index.html.erb within layouts/application (2.1ms)
  [1m[36mUser Load (0.2ms)[0m  [1m[34mSELECT  "users".* FROM "users" WHERE "users"."id" = ? ORDER BY "users"."id" ASC LIMIT ?[0m  [["id", 1], ["LIMIT", 1]]
  â†³ app/views/layouts/application.html.erb:46
Completed 200 OK in 3561ms (Views: 3559.5ms | ActiveRecord: 0.4ms)


Started GET "/food_shops/1/reviews" for ::1 at 2021-01-03 14:58:03 +0900
Processing by ReviewsController#index as HTML
  Parameters: {"food_shop_id"=>"1"}
  [1m[36mFoodShop Load (0.2ms)[0m  [1m[34mSELECT  "food_shops".* FROM "food_shops" WHERE "food_shops"."id" = ? LIMIT ?[0m  [["id", 1], ["LIMIT", 1]]
  â†³ app/controllers/reviews_controller.rb:4
  Rendering reviews/index.html.erb within layouts/application
  [1m[35m (0.2ms)[0m  [1m[34mSELECT COUNT(*) FROM "reviews" WHERE "reviews"."food_shop_id" = ?[0m  [["food_shop_id", 1]]
  â†³ app/views/reviews/index.html.erb:18
  [1m[36mReview Load (0.1ms)[0m  [1m[34mSELECT "reviews".* FROM "reviews" WHERE "reviews"."food_shop_id" = ?[0m  [["food_shop_id", 1]]
  â†³ app/views/reviews/index.html.erb:30
  [1m[36mUser Load (0.1ms)[0m  [1m[34mSELECT  "users".* FROM "users" WHERE "users"."id" = ? LIMIT ?[0m  [["id", 1], ["LIMIT", 1]]
  â†³ app/views/reviews/index.html.erb:32
  Rendered reviews/index.html.erb within layouts/application (5.4ms)
  [1m[36mUser Load (0.3ms)[0m  [1m[34mSELECT  "users".* FROM "users" WHERE "users"."id" = ? ORDER BY "users"."id" ASC LIMIT ?[0m  [["id", 1], ["LIMIT", 1]]
  â†³ app/views/layouts/application.html.erb:46
Completed 200 OK in 39ms (Views: 35.4ms | ActiveRecord: 0.9ms)


Started GET "/food_shops/1/reviews" for ::1 at 2021-01-03 14:58:36 +0900
Processing by ReviewsController#index as HTML
  Parameters: {"food_shop_id"=>"1"}
  [1m[36mFoodShop Load (0.2ms)[0m  [1m[34mSELECT  "food_shops".* FROM "food_shops" WHERE "food_shops"."id" = ? LIMIT ?[0m  [["id", 1], ["LIMIT", 1]]
  â†³ app/controllers/reviews_controller.rb:4
  Rendering reviews/index.html.erb within layouts/application
  [1m[35m (0.2ms)[0m  [1m[34mSELECT COUNT(*) FROM "reviews" WHERE "reviews"."food_shop_id" = ?[0m  [["food_shop_id", 1]]
  â†³ app/views/reviews/index.html.erb:18
  [1m[36mReview Load (0.2ms)[0m  [1m[34mSELECT "reviews".* FROM "reviews" WHERE "reviews"."food_shop_id" = ?[0m  [["food_shop_id", 1]]
  â†³ app/views/reviews/index.html.erb:30
  [1m[36mUser Load (0.1ms)[0m  [1m[34mSELECT  "users".* FROM "users" WHERE "users"."id" = ? LIMIT ?[0m  [["id", 1], ["LIMIT", 1]]
  â†³ app/views/reviews/index.html.erb:32
  Rendered reviews/index.html.erb within layouts/application (4.3ms)
  [1m[36mUser Load (0.1ms)[0m  [1m[34mSELECT  "users".* FROM "users" WHERE "users"."id" = ? ORDER BY "users"."id" ASC LIMIT ?[0m  [["id", 1], ["LIMIT", 1]]
  â†³ app/views/layouts/application.html.erb:46
Completed 200 OK in 31ms (Views: 28.0ms | ActiveRecord: 0.8ms)


Started GET "/food_shops/1/reviews" for ::1 at 2021-01-03 15:05:49 +0900
Processing by ReviewsController#index as HTML
  Parameters: {"food_shop_id"=>"1"}
  [1m[36mFoodShop Load (0.2ms)[0m  [1m[34mSELECT  "food_shops".* FROM "food_shops" WHERE "food_shops"."id" = ? LIMIT ?[0m  [["id", 1], ["LIMIT", 1]]
  â†³ app/controllers/reviews_controller.rb:4
  Rendering reviews/index.html.erb within layouts/application
  [1m[35m (0.2ms)[0m  [1m[34mSELECT COUNT(*) FROM "reviews" WHERE "reviews"."food_shop_id" = ?[0m  [["food_shop_id", 1]]
  â†³ app/views/reviews/index.html.erb:18
  [1m[36mReview Load (0.2ms)[0m  [1m[34mSELECT "reviews".* FROM "reviews" WHERE "reviews"."food_shop_id" = ?[0m  [["food_shop_id", 1]]
  â†³ app/views/reviews/index.html.erb:30
  [1m[36mUser Load (0.3ms)[0m  [1m[34mSELECT  "users".* FROM "users" WHERE "users"."id" = ? LIMIT ?[0m  [["id", 1], ["LIMIT", 1]]
  â†³ app/views/reviews/index.html.erb:32
  Rendered reviews/index.html.erb within layouts/application (36.1ms)
  [1m[36mUser Load (0.2ms)[0m  [1m[34mSELECT  "users".* FROM "users" WHERE "users"."id" = ? ORDER BY "users"."id" ASC LIMIT ?[0m  [["id", 1], ["LIMIT", 1]]
  â†³ app/views/layouts/application.html.erb:46
Completed 200 OK in 88ms (Views: 63.3ms | ActiveRecord: 3.6ms)


Started GET "/food_shops" for ::1 at 2021-01-03 15:05:58 +0900
Processing by FoodShopsController#index as HTML
  Rendering food_shops/index.html.erb within layouts/application
  [1m[36mFoodShop Load (0.2ms)[0m  [1m[34mSELECT "food_shops".* FROM "food_shops"[0m
  â†³ app/views/food_shops/index.html.erb:5
  [1m[36mReview Exists (0.2ms)[0m  [1m[34mSELECT  1 AS one FROM "reviews" WHERE "reviews"."food_shop_id" = ? LIMIT ?[0m  [["food_shop_id", 1], ["LIMIT", 1]]
  â†³ app/models/food_shop.rb:13
  [1m[35m (0.2ms)[0m  [1m[34mSELECT AVG("reviews"."score") FROM "reviews" WHERE "reviews"."food_shop_id" = ?[0m  [["food_shop_id", 1]]
  â†³ app/models/food_shop.rb:14
  [1m[36mCACHE Review Exists (0.0ms)[0m  [1m[34mSELECT  1 AS one FROM "reviews" WHERE "reviews"."food_shop_id" = ? LIMIT ?[0m  [["food_shop_id", 1], ["LIMIT", 1]]
  â†³ app/models/food_shop.rb:5
  [1m[35mCACHE  (0.0ms)[0m  [1m[34mSELECT AVG("reviews"."score") FROM "reviews" WHERE "reviews"."food_shop_id" = ?[0m  [["food_shop_id", 1]]
  â†³ app/models/food_shop.rb:6
  [1m[35m (0.2ms)[0m  [1m[34mSELECT COUNT(*) FROM "reviews" WHERE "reviews"."food_shop_id" = ?[0m  [["food_shop_id", 1]]
  â†³ app/views/food_shops/index.html.erb:20
  [1m[36mReview Exists (0.4ms)[0m  [1m[34mSELECT  1 AS one FROM "reviews" WHERE "reviews"."food_shop_id" = ? LIMIT ?[0m  [["food_shop_id", 2], ["LIMIT", 1]]
  â†³ app/models/food_shop.rb:13
  [1m[36mCACHE Review Exists (0.0ms)[0m  [1m[34mSELECT  1 AS one FROM "reviews" WHERE "reviews"."food_shop_id" = ? LIMIT ?[0m  [["food_shop_id", 2], ["LIMIT", 1]]
  â†³ app/models/food_shop.rb:5
  [1m[35m (0.3ms)[0m  [1m[34mSELECT COUNT(*) FROM "reviews" WHERE "reviews"."food_shop_id" = ?[0m  [["food_shop_id", 2]]
  â†³ app/views/food_shops/index.html.erb:20
  [1m[36mReview Exists (0.2ms)[0m  [1m[34mSELECT  1 AS one FROM "reviews" WHERE "reviews"."food_shop_id" = ? LIMIT ?[0m  [["food_shop_id", 3], ["LIMIT", 1]]
  â†³ app/models/food_shop.rb:13
  [1m[36mCACHE Review Exists (0.0ms)[0m  [1m[34mSELECT  1 AS one FROM "reviews" WHERE "reviews"."food_shop_id" = ? LIMIT ?[0m  [["food_shop_id", 3], ["LIMIT", 1]]
  â†³ app/models/food_shop.rb:5
  [1m[35m (0.2ms)[0m  [1m[34mSELECT COUNT(*) FROM "reviews" WHERE "reviews"."food_shop_id" = ?[0m  [["food_shop_id", 3]]
  â†³ app/views/food_shops/index.html.erb:20
  [1m[36mReview Exists (0.2ms)[0m  [1m[34mSELECT  1 AS one FROM "reviews" WHERE "reviews"."food_shop_id" = ? LIMIT ?[0m  [["food_shop_id", 4], ["LIMIT", 1]]
  â†³ app/models/food_shop.rb:13
  [1m[36mCACHE Review Exists (0.0ms)[0m  [1m[34mSELECT  1 AS one FROM "reviews" WHERE "reviews"."food_shop_id" = ? LIMIT ?[0m  [["food_shop_id", 4], ["LIMIT", 1]]
  â†³ app/models/food_shop.rb:5
  [1m[35m (0.2ms)[0m  [1m[34mSELECT COUNT(*) FROM "reviews" WHERE "reviews"."food_shop_id" = ?[0m  [["food_shop_id", 4]]
  â†³ app/views/food_shops/index.html.erb:20
  Rendered food_shops/index.html.erb within layouts/application (19.3ms)
  [1m[36mUser Load (0.2ms)[0m  [1m[34mSELECT  "users".* FROM "users" WHERE "users"."id" = ? ORDER BY "users"."id" ASC LIMIT ?[0m  [["id", 1], ["LIMIT", 1]]
  â†³ app/views/layouts/application.html.erb:46
Completed 200 OK in 44ms (Views: 38.8ms | ActiveRecord: 2.6ms)


Started GET "/food_shops/2" for ::1 at 2021-01-03 15:06:06 +0900
Processing by FoodShopsController#show as HTML
  Parameters: {"id"=>"2"}
  [1m[36mFoodShop Load (0.3ms)[0m  [1m[34mSELECT  "food_shops".* FROM "food_shops" WHERE "food_shops"."id" = ? LIMIT ?[0m  [["id", 2], ["LIMIT", 1]]
  â†³ app/controllers/food_shops_controller.rb:7
  Rendering food_shops/show.html.erb within layouts/application
  [1m[35m (0.2ms)[0m  [1m[34mSELECT COUNT(*) FROM "reviews" WHERE "reviews"."food_shop_id" = ?[0m  [["food_shop_id", 2]]
  â†³ app/views/food_shops/show.html.erb:18
  Rendered reviews/_form.html.erb (8.6ms)
  Rendered food_shops/show.html.erb within layouts/application (12.1ms)
  [1m[36mUser Load (0.3ms)[0m  [1m[34mSELECT  "users".* FROM "users" WHERE "users"."id" = ? ORDER BY "users"."id" ASC LIMIT ?[0m  [["id", 1], ["LIMIT", 1]]
  â†³ app/views/layouts/application.html.erb:46
Completed 200 OK in 44ms (Views: 39.9ms | ActiveRecord: 0.8ms)


Started POST "/food_shops/2/reviews" for ::1 at 2021-01-03 15:06:13 +0900
Processing by ReviewsController#create as HTML
  Parameters: {"utf8"=>"âœ“", "authenticity_token"=>"Qq4OV7tmZnTJGdQCC72XV5h9qlR0S1um2FCYonJmJiS2Buf41/kY+YDwHG+MxccWdxoyKjMZOFShyJVCVqkVPw==", "review"=>{"food_shop_id"=>"2", "score"=>"3", "content"=>"ãªã‹ãªã‹"}, "commit"=>"ä¿å­˜", "food_shop_id"=>"2"}
  [1m[36mUser Load (0.3ms)[0m  [1m[34mSELECT  "users".* FROM "users" WHERE "users"."id" = ? ORDER BY "users"."id" ASC LIMIT ?[0m  [["id", 1], ["LIMIT", 1]]
  â†³ app/controllers/reviews_controller.rb:10
  [1m[35m (0.1ms)[0m  [1m[36mbegin transaction[0m
  â†³ app/controllers/reviews_controller.rb:11
  [1m[36mUser Load (0.2ms)[0m  [1m[34mSELECT  "users".* FROM "users" WHERE "users"."id" = ? LIMIT ?[0m  [["id", 1], ["LIMIT", 1]]
  â†³ app/controllers/reviews_controller.rb:11
  [1m[36mFoodShop Load (0.1ms)[0m  [1m[34mSELECT  "food_shops".* FROM "food_shops" WHERE "food_shops"."id" = ? LIMIT ?[0m  [["id", 2], ["LIMIT", 1]]
  â†³ app/controllers/reviews_controller.rb:11
  [1m[36mReview Create (1.0ms)[0m  [1m[32mINSERT INTO "reviews" ("user_id", "food_shop_id", "content", "score", "created_at", "updated_at") VALUES (?, ?, ?, ?, ?, ?)[0m  [["user_id", 1], ["food_shop_id", 2], ["content", "ãªã‹ãªã‹"], ["score", 3], ["created_at", "2021-01-03 06:06:13.290767"], ["updated_at", "2021-01-03 06:06:13.290767"]]
  â†³ app/controllers/reviews_controller.rb:11
  [1m[35m (2.5ms)[0m  [1m[36mcommit transaction[0m
  â†³ app/controllers/reviews_controller.rb:11
Redirected to http://localhost:3000/food_shops/2/reviews
Completed 302 Found in 16ms (ActiveRecord: 4.2ms)


Started GET "/food_shops/2/reviews" for ::1 at 2021-01-03 15:06:13 +0900
Processing by ReviewsController#index as HTML
  Parameters: {"food_shop_id"=>"2"}
  [1m[36mFoodShop Load (0.3ms)[0m  [1m[34mSELECT  "food_shops".* FROM "food_shops" WHERE "food_shops"."id" = ? LIMIT ?[0m  [["id", 2], ["LIMIT", 1]]
  â†³ app/controllers/reviews_controller.rb:4
  Rendering reviews/index.html.erb within layouts/application
  [1m[35m (0.3ms)[0m  [1m[34mSELECT COUNT(*) FROM "reviews" WHERE "reviews"."food_shop_id" = ?[0m  [["food_shop_id", 2]]
  â†³ app/views/reviews/index.html.erb:18
  [1m[36mReview Load (0.2ms)[0m  [1m[34mSELECT "reviews".* FROM "reviews" WHERE "reviews"."food_shop_id" = ?[0m  [["food_shop_id", 2]]
  â†³ app/views/reviews/index.html.erb:30
  [1m[36mUser Load (0.3ms)[0m  [1m[34mSELECT  "users".* FROM "users" WHERE "users"."id" = ? LIMIT ?[0m  [["id", 1], ["LIMIT", 1]]
  â†³ app/views/reviews/index.html.erb:32
  Rendered reviews/index.html.erb within layouts/application (7.1ms)
  [1m[36mUser Load (0.3ms)[0m  [1m[34mSELECT  "users".* FROM "users" WHERE "users"."id" = ? ORDER BY "users"."id" ASC LIMIT ?[0m  [["id", 1], ["LIMIT", 1]]
  â†³ app/views/layouts/application.html.erb:46
Completed 200 OK in 70ms (Views: 40.2ms | ActiveRecord: 1.4ms)


Started GET "/food_shops" for ::1 at 2021-01-03 15:06:15 +0900
Processing by FoodShopsController#index as HTML
  Rendering food_shops/index.html.erb within layouts/application
  [1m[36mFoodShop Load (0.2ms)[0m  [1m[34mSELECT "food_shops".* FROM "food_shops"[0m
  â†³ app/views/food_shops/index.html.erb:5
  [1m[36mReview Exists (0.2ms)[0m  [1m[34mSELECT  1 AS one FROM "reviews" WHERE "reviews"."food_shop_id" = ? LIMIT ?[0m  [["food_shop_id", 1], ["LIMIT", 1]]
  â†³ app/models/food_shop.rb:13
  [1m[35m (0.3ms)[0m  [1m[34mSELECT AVG("reviews"."score") FROM "reviews" WHERE "reviews"."food_shop_id" = ?[0m  [["food_shop_id", 1]]
  â†³ app/models/food_shop.rb:14
  [1m[36mCACHE Review Exists (0.0ms)[0m  [1m[34mSELECT  1 AS one FROM "reviews" WHERE "reviews"."food_shop_id" = ? LIMIT ?[0m  [["food_shop_id", 1], ["LIMIT", 1]]
  â†³ app/models/food_shop.rb:5
  [1m[35mCACHE  (0.0ms)[0m  [1m[34mSELECT AVG("reviews"."score") FROM "reviews" WHERE "reviews"."food_shop_id" = ?[0m  [["food_shop_id", 1]]
  â†³ app/models/food_shop.rb:6
  [1m[35m (0.3ms)[0m  [1m[34mSELECT COUNT(*) FROM "reviews" WHERE "reviews"."food_shop_id" = ?[0m  [["food_shop_id", 1]]
  â†³ app/views/food_shops/index.html.erb:20
  [1m[36mReview Exists (0.2ms)[0m  [1m[34mSELECT  1 AS one FROM "reviews" WHERE "reviews"."food_shop_id" = ? LIMIT ?[0m  [["food_shop_id", 2], ["LIMIT", 1]]
  â†³ app/models/food_shop.rb:13
  [1m[35m (0.1ms)[0m  [1m[34mSELECT AVG("reviews"."score") FROM "reviews" WHERE "reviews"."food_shop_id" = ?[0m  [["food_shop_id", 2]]
  â†³ app/models/food_shop.rb:14
  [1m[36mCACHE Review Exists (0.0ms)[0m  [1m[34mSELECT  1 AS one FROM "reviews" WHERE "reviews"."food_shop_id" = ? LIMIT ?[0m  [["food_shop_id", 2], ["LIMIT", 1]]
  â†³ app/models/food_shop.rb:5
  [1m[35mCACHE  (0.0ms)[0m  [1m[34mSELECT AVG("reviews"."score") FROM "reviews" WHERE "reviews"."food_shop_id" = ?[0m  [["food_shop_id", 2]]
  â†³ app/models/food_shop.rb:6
  [1m[35m (0.2ms)[0m  [1m[34mSELECT COUNT(*) FROM "reviews" WHERE "reviews"."food_shop_id" = ?[0m  [["food_shop_id", 2]]
  â†³ app/views/food_shops/index.html.erb:20
  [1m[36mReview Exists (0.2ms)[0m  [1m[34mSELECT  1 AS one FROM "reviews" WHERE "reviews"."food_shop_id" = ? LIMIT ?[0m  [["food_shop_id", 3], ["LIMIT", 1]]
  â†³ app/models/food_shop.rb:13
  [1m[36mCACHE Review Exists (0.0ms)[0m  [1m[34mSELECT  1 AS one FROM "reviews" WHERE "reviews"."food_shop_id" = ? LIMIT ?[0m  [["food_shop_id", 3], ["LIMIT", 1]]
  â†³ app/models/food_shop.rb:5
  [1m[35m (0.3ms)[0m  [1m[34mSELECT COUNT(*) FROM "reviews" WHERE "reviews"."food_shop_id" = ?[0m  [["food_shop_id", 3]]
  â†³ app/views/food_shops/index.html.erb:20
  [1m[36mReview Exists (0.3ms)[0m  [1m[34mSELECT  1 AS one FROM "reviews" WHERE "reviews"."food_shop_id" = ? LIMIT ?[0m  [["food_shop_id", 4], ["LIMIT", 1]]
  â†³ app/models/food_shop.rb:13
  [1m[36mCACHE Review Exists (0.1ms)[0m  [1m[34mSELECT  1 AS one FROM "reviews" WHERE "reviews"."food_shop_id" = ? LIMIT ?[0m  [["food_shop_id", 4], ["LIMIT", 1]]
  â†³ app/models/food_shop.rb:5
  [1m[35m (0.3ms)[0m  [1m[34mSELECT COUNT(*) FROM "reviews" WHERE "reviews"."food_shop_id" = ?[0m  [["food_shop_id", 4]]
  â†³ app/views/food_shops/index.html.erb:20
  Rendered food_shops/index.html.erb within layouts/application (24.8ms)
  [1m[36mUser Load (0.3ms)[0m  [1m[34mSELECT  "users".* FROM "users" WHERE "users"."id" = ? ORDER BY "users"."id" ASC LIMIT ?[0m  [["id", 1], ["LIMIT", 1]]
  â†³ app/views/layouts/application.html.erb:46
Completed 200 OK in 59ms (Views: 54.1ms | ActiveRecord: 2.9ms)


Started GET "/food_shops/2" for ::1 at 2021-01-03 15:09:17 +0900
Processing by FoodShopsController#show as HTML
  Parameters: {"id"=>"2"}
  [1m[36mFoodShop Load (0.3ms)[0m  [1m[34mSELECT  "food_shops".* FROM "food_shops" WHERE "food_shops"."id" = ? LIMIT ?[0m  [["id", 2], ["LIMIT", 1]]
  â†³ app/controllers/food_shops_controller.rb:7
  Rendering food_shops/show.html.erb within layouts/application
  [1m[36mReview Exists (0.2ms)[0m  [1m[34mSELECT  1 AS one FROM "reviews" WHERE "reviews"."food_shop_id" = ? LIMIT ?[0m  [["food_shop_id", 2], ["LIMIT", 1]]
  â†³ app/models/food_shop.rb:13
  [1m[35m (0.2ms)[0m  [1m[34mSELECT AVG("reviews"."score") FROM "reviews" WHERE "reviews"."food_shop_id" = ?[0m  [["food_shop_id", 2]]
  â†³ app/models/food_shop.rb:14
  [1m[36mCACHE Review Exists (0.0ms)[0m  [1m[34mSELECT  1 AS one FROM "reviews" WHERE "reviews"."food_shop_id" = ? LIMIT ?[0m  [["food_shop_id", 2], ["LIMIT", 1]]
  â†³ app/models/food_shop.rb:5
  [1m[35mCACHE  (0.0ms)[0m  [1m[34mSELECT AVG("reviews"."score") FROM "reviews" WHERE "reviews"."food_shop_id" = ?[0m  [["food_shop_id", 2]]
  â†³ app/models/food_shop.rb:6
  [1m[35m (0.2ms)[0m  [1m[34mSELECT COUNT(*) FROM "reviews" WHERE "reviews"."food_shop_id" = ?[0m  [["food_shop_id", 2]]
  â†³ app/views/food_shops/show.html.erb:18
  Rendered reviews/_form.html.erb (7.2ms)
  Rendered food_shops/show.html.erb within layouts/application (13.2ms)
  [1m[36mUser Load (0.2ms)[0m  [1m[34mSELECT  "users".* FROM "users" WHERE "users"."id" = ? ORDER BY "users"."id" ASC LIMIT ?[0m  [["id", 1], ["LIMIT", 1]]
  â†³ app/views/layouts/application.html.erb:46
Completed 200 OK in 42ms (Views: 37.9ms | ActiveRecord: 1.0ms)


Started GET "/food_shops" for ::1 at 2021-01-03 15:09:21 +0900
Processing by FoodShopsController#index as HTML
  Rendering food_shops/index.html.erb within layouts/application
  [1m[36mFoodShop Load (0.1ms)[0m  [1m[34mSELECT "food_shops".* FROM "food_shops"[0m
  â†³ app/views/food_shops/index.html.erb:5
  [1m[36mReview Exists (0.2ms)[0m  [1m[34mSELECT  1 AS one FROM "reviews" WHERE "reviews"."food_shop_id" = ? LIMIT ?[0m  [["food_shop_id", 1], ["LIMIT", 1]]
  â†³ app/models/food_shop.rb:13
  [1m[35m (0.1ms)[0m  [1m[34mSELECT AVG("reviews"."score") FROM "reviews" WHERE "reviews"."food_shop_id" = ?[0m  [["food_shop_id", 1]]
  â†³ app/models/food_shop.rb:14
  [1m[36mCACHE Review Exists (0.0ms)[0m  [1m[34mSELECT  1 AS one FROM "reviews" WHERE "reviews"."food_shop_id" = ? LIMIT ?[0m  [["food_shop_id", 1], ["LIMIT", 1]]
  â†³ app/models/food_shop.rb:5
  [1m[35mCACHE  (0.0ms)[0m  [1m[34mSELECT AVG("reviews"."score") FROM "reviews" WHERE "reviews"."food_shop_id" = ?[0m  [["food_shop_id", 1]]
  â†³ app/models/food_shop.rb:6
  [1m[35m (0.2ms)[0m  [1m[34mSELECT COUNT(*) FROM "reviews" WHERE "reviews"."food_shop_id" = ?[0m  [["food_shop_id", 1]]
  â†³ app/views/food_shops/index.html.erb:20
  [1m[36mReview Exists (0.2ms)[0m  [1m[34mSELECT  1 AS one FROM "reviews" WHERE "reviews"."food_shop_id" = ? LIMIT ?[0m  [["food_shop_id", 2], ["LIMIT", 1]]
  â†³ app/models/food_shop.rb:13
  [1m[35m (0.1ms)[0m  [1m[34mSELECT AVG("reviews"."score") FROM "reviews" WHERE "reviews"."food_shop_id" = ?[0m  [["food_shop_id", 2]]
  â†³ app/models/food_shop.rb:14
  [1m[36mCACHE Review Exists (0.0ms)[0m  [1m[34mSELECT  1 AS one FROM "reviews" WHERE "reviews"."food_shop_id" = ? LIMIT ?[0m  [["food_shop_id", 2], ["LIMIT", 1]]
  â†³ app/models/food_shop.rb:5
  [1m[35mCACHE  (0.0ms)[0m  [1m[34mSELECT AVG("reviews"."score") FROM "reviews" WHERE "reviews"."food_shop_id" = ?[0m  [["food_shop_id", 2]]
  â†³ app/models/food_shop.rb:6
  [1m[35m (0.2ms)[0m  [1m[34mSELECT COUNT(*) FROM "reviews" WHERE "reviews"."food_shop_id" = ?[0m  [["food_shop_id", 2]]
  â†³ app/views/food_shops/index.html.erb:20
  [1m[36mReview Exists (0.2ms)[0m  [1m[34mSELECT  1 AS one FROM "reviews" WHERE "reviews"."food_shop_id" = ? LIMIT ?[0m  [["food_shop_id", 3], ["LIMIT", 1]]
  â†³ app/models/food_shop.rb:13
  [1m[36mCACHE Review Exists (0.0ms)[0m  [1m[34mSELECT  1 AS one FROM "reviews" WHERE "reviews"."food_shop_id" = ? LIMIT ?[0m  [["food_shop_id", 3], ["LIMIT", 1]]
  â†³ app/models/food_shop.rb:5
  [1m[35m (0.2ms)[0m  [1m[34mSELECT COUNT(*) FROM "reviews" WHERE "reviews"."food_shop_id" = ?[0m  [["food_shop_id", 3]]
  â†³ app/views/food_shops/index.html.erb:20
  [1m[36mReview Exists (0.3ms)[0m  [1m[34mSELECT  1 AS one FROM "reviews" WHERE "reviews"."food_shop_id" = ? LIMIT ?[0m  [["food_shop_id", 4], ["LIMIT", 1]]
  â†³ app/models/food_shop.rb:13
  [1m[36mCACHE Review Exists (0.0ms)[0m  [1m[34mSELECT  1 AS one FROM "reviews" WHERE "reviews"."food_shop_id" = ? LIMIT ?[0m  [["food_shop_id", 4], ["LIMIT", 1]]
  â†³ app/models/food_shop.rb:5
  [1m[35m (0.2ms)[0m  [1m[34mSELECT COUNT(*) FROM "reviews" WHERE "reviews"."food_shop_id" = ?[0m  [["food_shop_id", 4]]
  â†³ app/views/food_shops/index.html.erb:20
  Rendered food_shops/index.html.erb within layouts/application (16.2ms)
  [1m[36mUser Load (0.2ms)[0m  [1m[34mSELECT  "users".* FROM "users" WHERE "users"."id" = ? ORDER BY "users"."id" ASC LIMIT ?[0m  [["id", 1], ["LIMIT", 1]]
  â†³ app/views/layouts/application.html.erb:46
Completed 200 OK in 38ms (Views: 34.6ms | ActiveRecord: 2.2ms)


Started GET "/food_shops/2" for ::1 at 2021-01-03 15:09:27 +0900
Processing by FoodShopsController#show as HTML
  Parameters: {"id"=>"2"}
  [1m[36mFoodShop Load (0.3ms)[0m  [1m[34mSELECT  "food_shops".* FROM "food_shops" WHERE "food_shops"."id" = ? LIMIT ?[0m  [["id", 2], ["LIMIT", 1]]
  â†³ app/controllers/food_shops_controller.rb:7
  Rendering food_shops/show.html.erb within layouts/application
  [1m[36mReview Exists (0.2ms)[0m  [1m[34mSELECT  1 AS one FROM "reviews" WHERE "reviews"."food_shop_id" = ? LIMIT ?[0m  [["food_shop_id", 2], ["LIMIT", 1]]
  â†³ app/models/food_shop.rb:13
  [1m[35m (0.1ms)[0m  [1m[34mSELECT AVG("reviews"."score") FROM "reviews" WHERE "reviews"."food_shop_id" = ?[0m  [["food_shop_id", 2]]
  â†³ app/models/food_shop.rb:14
  [1m[36mCACHE Review Exists (0.0ms)[0m  [1m[34mSELECT  1 AS one FROM "reviews" WHERE "reviews"."food_shop_id" = ? LIMIT ?[0m  [["food_shop_id", 2], ["LIMIT", 1]]
  â†³ app/models/food_shop.rb:5
  [1m[35mCACHE  (0.0ms)[0m  [1m[34mSELECT AVG("reviews"."score") FROM "reviews" WHERE "reviews"."food_shop_id" = ?[0m  [["food_shop_id", 2]]
  â†³ app/models/food_shop.rb:6
  [1m[35m (0.2ms)[0m  [1m[34mSELECT COUNT(*) FROM "reviews" WHERE "reviews"."food_shop_id" = ?[0m  [["food_shop_id", 2]]
  â†³ app/views/food_shops/show.html.erb:18
  Rendered reviews/_form.html.erb (5.4ms)
  Rendered food_shops/show.html.erb within layouts/application (12.5ms)
  [1m[36mUser Load (0.2ms)[0m  [1m[34mSELECT  "users".* FROM "users" WHERE "users"."id" = ? ORDER BY "users"."id" ASC LIMIT ?[0m  [["id", 1], ["LIMIT", 1]]
  â†³ app/views/layouts/application.html.erb:46
Completed 200 OK in 50ms (Views: 44.5ms | ActiveRecord: 1.1ms)


Started GET "/food_shops/2" for ::1 at 2021-01-03 15:11:48 +0900
Processing by FoodShopsController#show as HTML
  Parameters: {"id"=>"2"}
  [1m[36mFoodShop Load (0.2ms)[0m  [1m[34mSELECT  "food_shops".* FROM "food_shops" WHERE "food_shops"."id" = ? LIMIT ?[0m  [["id", 2], ["LIMIT", 1]]
  â†³ app/controllers/food_shops_controller.rb:7
  Rendering food_shops/show.html.erb within layouts/application
  [1m[36mReview Exists (0.2ms)[0m  [1m[34mSELECT  1 AS one FROM "reviews" WHERE "reviews"."food_shop_id" = ? LIMIT ?[0m  [["food_shop_id", 2], ["LIMIT", 1]]
  â†³ app/models/food_shop.rb:13
  [1m[35m (0.1ms)[0m  [1m[34mSELECT AVG("reviews"."score") FROM "reviews" WHERE "reviews"."food_shop_id" = ?[0m  [["food_shop_id", 2]]
  â†³ app/models/food_shop.rb:14
  [1m[36mCACHE Review Exists (0.0ms)[0m  [1m[34mSELECT  1 AS one FROM "reviews" WHERE "reviews"."food_shop_id" = ? LIMIT ?[0m  [["food_shop_id", 2], ["LIMIT", 1]]
  â†³ app/models/food_shop.rb:5
  [1m[35mCACHE  (0.0ms)[0m  [1m[34mSELECT AVG("reviews"."score") FROM "reviews" WHERE "reviews"."food_shop_id" = ?[0m  [["food_shop_id", 2]]
  â†³ app/models/food_shop.rb:6
  [1m[35m (0.4ms)[0m  [1m[34mSELECT COUNT(*) FROM "reviews" WHERE "reviews"."food_shop_id" = ?[0m  [["food_shop_id", 2]]
  â†³ app/views/food_shops/show.html.erb:18
  Rendered reviews/_form.html.erb (7.3ms)
  Rendered food_shops/show.html.erb within layouts/application (14.5ms)
  [1m[36mUser Load (0.3ms)[0m  [1m[34mSELECT  "users".* FROM "users" WHERE "users"."id" = ? ORDER BY "users"."id" ASC LIMIT ?[0m  [["id", 1], ["LIMIT", 1]]
  â†³ app/views/layouts/application.html.erb:46
Completed 200 OK in 56ms (Views: 52.2ms | ActiveRecord: 1.2ms)


Started GET "/food_shops/2/reviews" for ::1 at 2021-01-03 15:12:01 +0900
Processing by ReviewsController#index as HTML
  Parameters: {"food_shop_id"=>"2"}
  [1m[36mFoodShop Load (0.4ms)[0m  [1m[34mSELECT  "food_shops".* FROM "food_shops" WHERE "food_shops"."id" = ? LIMIT ?[0m  [["id", 2], ["LIMIT", 1]]
  â†³ app/controllers/reviews_controller.rb:4
  Rendering reviews/index.html.erb within layouts/application
  [1m[36mReview Exists (0.2ms)[0m  [1m[34mSELECT  1 AS one FROM "reviews" WHERE "reviews"."food_shop_id" = ? LIMIT ?[0m  [["food_shop_id", 2], ["LIMIT", 1]]
  â†³ app/models/food_shop.rb:13
  [1m[35m (0.1ms)[0m  [1m[34mSELECT AVG("reviews"."score") FROM "reviews" WHERE "reviews"."food_shop_id" = ?[0m  [["food_shop_id", 2]]
  â†³ app/models/food_shop.rb:14
  [1m[36mCACHE Review Exists (0.0ms)[0m  [1m[34mSELECT  1 AS one FROM "reviews" WHERE "reviews"."food_shop_id" = ? LIMIT ?[0m  [["food_shop_id", 2], ["LIMIT", 1]]
  â†³ app/models/food_shop.rb:5
  [1m[35mCACHE  (0.0ms)[0m  [1m[34mSELECT AVG("reviews"."score") FROM "reviews" WHERE "reviews"."food_shop_id" = ?[0m  [["food_shop_id", 2]]
  â†³ app/models/food_shop.rb:6
  [1m[35m (0.2ms)[0m  [1m[34mSELECT COUNT(*) FROM "reviews" WHERE "reviews"."food_shop_id" = ?[0m  [["food_shop_id", 2]]
  â†³ app/views/reviews/index.html.erb:18
  [1m[36mReview Load (0.1ms)[0m  [1m[34mSELECT "reviews".* FROM "reviews" WHERE "reviews"."food_shop_id" = ?[0m  [["food_shop_id", 2]]
  â†³ app/views/reviews/index.html.erb:30
  [1m[36mUser Load (0.1ms)[0m  [1m[34mSELECT  "users".* FROM "users" WHERE "users"."id" = ? LIMIT ?[0m  [["id", 1], ["LIMIT", 1]]
  â†³ app/views/reviews/index.html.erb:32
  Rendered reviews/index.html.erb within layouts/application (7.2ms)
  [1m[36mUser Load (0.5ms)[0m  [1m[34mSELECT  "users".* FROM "users" WHERE "users"."id" = ? ORDER BY "users"."id" ASC LIMIT ?[0m  [["id", 1], ["LIMIT", 1]]
  â†³ app/views/layouts/application.html.erb:46
Completed 200 OK in 59ms (Views: 52.9ms | ActiveRecord: 1.8ms)


Started GET "/food_shops/1/reviews" for ::1 at 2021-01-03 15:12:43 +0900
Processing by ReviewsController#index as HTML
  Parameters: {"food_shop_id"=>"1"}
  [1m[36mFoodShop Load (0.2ms)[0m  [1m[34mSELECT  "food_shops".* FROM "food_shops" WHERE "food_shops"."id" = ? LIMIT ?[0m  [["id", 1], ["LIMIT", 1]]
  â†³ app/controllers/reviews_controller.rb:4
  Rendering reviews/index.html.erb within layouts/application
  [1m[36mReview Exists (0.2ms)[0m  [1m[34mSELECT  1 AS one FROM "reviews" WHERE "reviews"."food_shop_id" = ? LIMIT ?[0m  [["food_shop_id", 1], ["LIMIT", 1]]
  â†³ app/models/food_shop.rb:13
  [1m[35m (0.1ms)[0m  [1m[34mSELECT AVG("reviews"."score") FROM "reviews" WHERE "reviews"."food_shop_id" = ?[0m  [["food_shop_id", 1]]
  â†³ app/models/food_shop.rb:14
  [1m[36mCACHE Review Exists (0.0ms)[0m  [1m[34mSELECT  1 AS one FROM "reviews" WHERE "reviews"."food_shop_id" = ? LIMIT ?[0m  [["food_shop_id", 1], ["LIMIT", 1]]
  â†³ app/models/food_shop.rb:5
  [1m[35mCACHE  (0.0ms)[0m  [1m[34mSELECT AVG("reviews"."score") FROM "reviews" WHERE "reviews"."food_shop_id" = ?[0m  [["food_shop_id", 1]]
  â†³ app/models/food_shop.rb:6
  [1m[35m (0.2ms)[0m  [1m[34mSELECT COUNT(*) FROM "reviews" WHERE "reviews"."food_shop_id" = ?[0m  [["food_shop_id", 1]]
  â†³ app/views/reviews/index.html.erb:18
  [1m[36mReview Load (0.1ms)[0m  [1m[34mSELECT "reviews".* FROM "reviews" WHERE "reviews"."food_shop_id" = ?[0m  [["food_shop_id", 1]]
  â†³ app/views/reviews/index.html.erb:30
  [1m[36mUser Load (0.1ms)[0m  [1m[34mSELECT  "users".* FROM "users" WHERE "users"."id" = ? LIMIT ?[0m  [["id", 1], ["LIMIT", 1]]
  â†³ app/views/reviews/index.html.erb:32
  Rendered reviews/index.html.erb within layouts/application (9.2ms)
  [1m[36mUser Load (0.3ms)[0m  [1m[34mSELECT  "users".* FROM "users" WHERE "users"."id" = ? ORDER BY "users"."id" ASC LIMIT ?[0m  [["id", 1], ["LIMIT", 1]]
  â†³ app/views/layouts/application.html.erb:46
Completed 200 OK in 38ms (Views: 33.6ms | ActiveRecord: 1.4ms)


Started GET "/food_shops/2/reviews" for ::1 at 2021-01-03 15:12:46 +0900
Processing by ReviewsController#index as HTML
  Parameters: {"food_shop_id"=>"2"}
  [1m[36mFoodShop Load (0.3ms)[0m  [1m[34mSELECT  "food_shops".* FROM "food_shops" WHERE "food_shops"."id" = ? LIMIT ?[0m  [["id", 2], ["LIMIT", 1]]
  â†³ app/controllers/reviews_controller.rb:4
  Rendering reviews/index.html.erb within layouts/application
  [1m[36mReview Exists (0.2ms)[0m  [1m[34mSELECT  1 AS one FROM "reviews" WHERE "reviews"."food_shop_id" = ? LIMIT ?[0m  [["food_shop_id", 2], ["LIMIT", 1]]
  â†³ app/models/food_shop.rb:13
  [1m[35m (0.1ms)[0m  [1m[34mSELECT AVG("reviews"."score") FROM "reviews" WHERE "reviews"."food_shop_id" = ?[0m  [["food_shop_id", 2]]
  â†³ app/models/food_shop.rb:14
  [1m[36mCACHE Review Exists (0.0ms)[0m  [1m[34mSELECT  1 AS one FROM "reviews" WHERE "reviews"."food_shop_id" = ? LIMIT ?[0m  [["food_shop_id", 2], ["LIMIT", 1]]
  â†³ app/models/food_shop.rb:5
  [1m[35mCACHE  (0.0ms)[0m  [1m[34mSELECT AVG("reviews"."score") FROM "reviews" WHERE "reviews"."food_shop_id" = ?[0m  [["food_shop_id", 2]]
  â†³ app/models/food_shop.rb:6
  [1m[35m (0.2ms)[0m  [1m[34mSELECT COUNT(*) FROM "reviews" WHERE "reviews"."food_shop_id" = ?[0m  [["food_shop_id", 2]]
  â†³ app/views/reviews/index.html.erb:18
  [1m[36mReview Load (0.1ms)[0m  [1m[34mSELECT "reviews".* FROM "reviews" WHERE "reviews"."food_shop_id" = ?[0m  [["food_shop_id", 2]]
  â†³ app/views/reviews/index.html.erb:30
  [1m[36mUser Load (0.1ms)[0m  [1m[34mSELECT  "users".* FROM "users" WHERE "users"."id" = ? LIMIT ?[0m  [["id", 1], ["LIMIT", 1]]
  â†³ app/views/reviews/index.html.erb:32
  Rendered reviews/index.html.erb within layouts/application (6.8ms)
  [1m[36mUser Load (0.4ms)[0m  [1m[34mSELECT  "users".* FROM "users" WHERE "users"."id" = ? ORDER BY "users"."id" ASC LIMIT ?[0m  [["id", 1], ["LIMIT", 1]]
  â†³ app/views/layouts/application.html.erb:46
Completed 200 OK in 34ms (Views: 28.4ms | ActiveRecord: 1.5ms)


Started GET "/food_shops/2" for ::1 at 2021-01-03 15:12:51 +0900
Processing by FoodShopsController#show as HTML
  Parameters: {"id"=>"2"}
  [1m[36mFoodShop Load (0.2ms)[0m  [1m[34mSELECT  "food_shops".* FROM "food_shops" WHERE "food_shops"."id" = ? LIMIT ?[0m  [["id", 2], ["LIMIT", 1]]
  â†³ app/controllers/food_shops_controller.rb:7
  Rendering food_shops/show.html.erb within layouts/application
  [1m[36mReview Exists (0.2ms)[0m  [1m[34mSELECT  1 AS one FROM "reviews" WHERE "reviews"."food_shop_id" = ? LIMIT ?[0m  [["food_shop_id", 2], ["LIMIT", 1]]
  â†³ app/models/food_shop.rb:13
  [1m[35m (0.2ms)[0m  [1m[34mSELECT AVG("reviews"."score") FROM "reviews" WHERE "reviews"."food_shop_id" = ?[0m  [["food_shop_id", 2]]
  â†³ app/models/food_shop.rb:14
  [1m[36mCACHE Review Exists (0.0ms)[0m  [1m[34mSELECT  1 AS one FROM "reviews" WHERE "reviews"."food_shop_id" = ? LIMIT ?[0m  [["food_shop_id", 2], ["LIMIT", 1]]
  â†³ app/models/food_shop.rb:5
  [1m[35mCACHE  (0.1ms)[0m  [1m[34mSELECT AVG("reviews"."score") FROM "reviews" WHERE "reviews"."food_shop_id" = ?[0m  [["food_shop_id", 2]]
  â†³ app/models/food_shop.rb:6
  [1m[35m (0.2ms)[0m  [1m[34mSELECT COUNT(*) FROM "reviews" WHERE "reviews"."food_shop_id" = ?[0m  [["food_shop_id", 2]]
  â†³ app/views/food_shops/show.html.erb:18
  Rendered reviews/_form.html.erb (6.9ms)
  Rendered food_shops/show.html.erb within layouts/application (16.1ms)
  [1m[36mUser Load (0.3ms)[0m  [1m[34mSELECT  "users".* FROM "users" WHERE "users"."id" = ? ORDER BY "users"."id" ASC LIMIT ?[0m  [["id", 1], ["LIMIT", 1]]
  â†³ app/views/layouts/application.html.erb:46
Completed 200 OK in 48ms (Views: 43.5ms | ActiveRecord: 1.3ms)


Started GET "/food_shops/2" for ::1 at 2021-01-03 15:14:47 +0900
Processing by FoodShopsController#show as HTML
  Parameters: {"id"=>"2"}
  [1m[36mUser Load (0.2ms)[0m  [1m[34mSELECT  "users".* FROM "users" WHERE "users"."id" = ? ORDER BY "users"."id" ASC LIMIT ?[0m  [["id", 1], ["LIMIT", 1]]
  â†³ /Users/nagamori/.rbenv/versions/2.6.6/lib/ruby/gems/2.6.0/gems/activerecord-5.2.4.4/lib/active_record/log_subscriber.rb:98
  [1m[36mFoodShop Load (0.1ms)[0m  [1m[34mSELECT  "food_shops".* FROM "food_shops" WHERE "food_shops"."id" = ? LIMIT ?[0m  [["id", 2], ["LIMIT", 1]]
  â†³ app/controllers/food_shops_controller.rb:8
  Rendering food_shops/show.html.erb within layouts/application
  [1m[36mReview Exists (0.2ms)[0m  [1m[34mSELECT  1 AS one FROM "reviews" WHERE "reviews"."food_shop_id" = ? LIMIT ?[0m  [["food_shop_id", 2], ["LIMIT", 1]]
  â†³ app/models/food_shop.rb:13
  [1m[35m (0.2ms)[0m  [1m[34mSELECT AVG("reviews"."score") FROM "reviews" WHERE "reviews"."food_shop_id" = ?[0m  [["food_shop_id", 2]]
  â†³ app/models/food_shop.rb:14
  [1m[36mCACHE Review Exists (0.0ms)[0m  [1m[34mSELECT  1 AS one FROM "reviews" WHERE "reviews"."food_shop_id" = ? LIMIT ?[0m  [["food_shop_id", 2], ["LIMIT", 1]]
  â†³ app/models/food_shop.rb:5
  [1m[35mCACHE  (0.0ms)[0m  [1m[34mSELECT AVG("reviews"."score") FROM "reviews" WHERE "reviews"."food_shop_id" = ?[0m  [["food_shop_id", 2]]
  â†³ app/models/food_shop.rb:6
  [1m[35m (1.5ms)[0m  [1m[34mSELECT COUNT(*) FROM "reviews" WHERE "reviews"."food_shop_id" = ?[0m  [["food_shop_id", 2]]
  â†³ app/views/food_shops/show.html.erb:18
  Rendered reviews/_form.html.erb (5.3ms)
  Rendered food_shops/show.html.erb within layouts/application (16.0ms)
Completed 200 OK in 83ms (Views: 45.5ms | ActiveRecord: 4.5ms)


Started GET "/food_shops" for ::1 at 2021-01-03 15:14:50 +0900
Processing by FoodShopsController#index as HTML
  Rendering food_shops/index.html.erb within layouts/application
  [1m[36mFoodShop Load (0.2ms)[0m  [1m[34mSELECT "food_shops".* FROM "food_shops"[0m
  â†³ app/views/food_shops/index.html.erb:5
  [1m[36mReview Exists (0.2ms)[0m  [1m[34mSELECT  1 AS one FROM "reviews" WHERE "reviews"."food_shop_id" = ? LIMIT ?[0m  [["food_shop_id", 1], ["LIMIT", 1]]
  â†³ app/models/food_shop.rb:13
  [1m[35m (0.2ms)[0m  [1m[34mSELECT AVG("reviews"."score") FROM "reviews" WHERE "reviews"."food_shop_id" = ?[0m  [["food_shop_id", 1]]
  â†³ app/models/food_shop.rb:14
  [1m[36mCACHE Review Exists (0.0ms)[0m  [1m[34mSELECT  1 AS one FROM "reviews" WHERE "reviews"."food_shop_id" = ? LIMIT ?[0m  [["food_shop_id", 1], ["LIMIT", 1]]
  â†³ app/models/food_shop.rb:5
  [1m[35mCACHE  (0.1ms)[0m  [1m[34mSELECT AVG("reviews"."score") FROM "reviews" WHERE "reviews"."food_shop_id" = ?[0m  [["food_shop_id", 1]]
  â†³ app/models/food_shop.rb:6
  [1m[35m (0.2ms)[0m  [1m[34mSELECT COUNT(*) FROM "reviews" WHERE "reviews"."food_shop_id" = ?[0m  [["food_shop_id", 1]]
  â†³ app/views/food_shops/index.html.erb:20
  [1m[36mReview Exists (0.2ms)[0m  [1m[34mSELECT  1 AS one FROM "reviews" WHERE "reviews"."food_shop_id" = ? LIMIT ?[0m  [["food_shop_id", 2], ["LIMIT", 1]]
  â†³ app/models/food_shop.rb:13
  [1m[35m (0.1ms)[0m  [1m[34mSELECT AVG("reviews"."score") FROM "reviews" WHERE "reviews"."food_shop_id" = ?[0m  [["food_shop_id", 2]]
  â†³ app/models/food_shop.rb:14
  [1m[36mCACHE Review Exists (0.0ms)[0m  [1m[34mSELECT  1 AS one FROM "reviews" WHERE "reviews"."food_shop_id" = ? LIMIT ?[0m  [["food_shop_id", 2], ["LIMIT", 1]]
  â†³ app/models/food_shop.rb:5
  [1m[35mCACHE  (0.0ms)[0m  [1m[34mSELECT AVG("reviews"."score") FROM "reviews" WHERE "reviews"."food_shop_id" = ?[0m  [["food_shop_id", 2]]
  â†³ app/models/food_shop.rb:6
  [1m[35m (0.2ms)[0m  [1m[34mSELECT COUNT(*) FROM "reviews" WHERE "reviews"."food_shop_id" = ?[0m  [["food_shop_id", 2]]
  â†³ app/views/food_shops/index.html.erb:20
  [1m[36mReview Exists (0.2ms)[0m  [1m[34mSELECT  1 AS one FROM "reviews" WHERE "reviews"."food_shop_id" = ? LIMIT ?[0m  [["food_shop_id", 3], ["LIMIT", 1]]
  â†³ app/models/food_shop.rb:13
  [1m[36mCACHE Review Exists (0.0ms)[0m  [1m[34mSELECT  1 AS one FROM "reviews" WHERE "reviews"."food_shop_id" = ? LIMIT ?[0m  [["food_shop_id", 3], ["LIMIT", 1]]
  â†³ app/models/food_shop.rb:5
  [1m[35m (0.2ms)[0m  [1m[34mSELECT COUNT(*) FROM "reviews" WHERE "reviews"."food_shop_id" = ?[0m  [["food_shop_id", 3]]
  â†³ app/views/food_shops/index.html.erb:20
  [1m[36mReview Exists (0.2ms)[0m  [1m[34mSELECT  1 AS one FROM "reviews" WHERE "reviews"."food_shop_id" = ? LIMIT ?[0m  [["food_shop_id", 4], ["LIMIT", 1]]
  â†³ app/models/food_shop.rb:13
  [1m[36mCACHE Review Exists (0.0ms)[0m  [1m[34mSELECT  1 AS one FROM "reviews" WHERE "reviews"."food_shop_id" = ? LIMIT ?[0m  [["food_shop_id", 4], ["LIMIT", 1]]
  â†³ app/models/food_shop.rb:5
  [1m[35m (0.4ms)[0m  [1m[34mSELECT COUNT(*) FROM "reviews" WHERE "reviews"."food_shop_id" = ?[0m  [["food_shop_id", 4]]
  â†³ app/views/food_shops/index.html.erb:20
  Rendered food_shops/index.html.erb within layouts/application (19.0ms)
  [1m[36mUser Load (0.1ms)[0m  [1m[34mSELECT  "users".* FROM "users" WHERE "users"."id" = ? ORDER BY "users"."id" ASC LIMIT ?[0m  [["id", 1], ["LIMIT", 1]]
  â†³ app/views/layouts/application.html.erb:46
Completed 200 OK in 76ms (Views: 71.7ms | ActiveRecord: 2.5ms)


Started GET "/" for ::1 at 2021-01-03 15:14:55 +0900
Processing by HomesController#top as HTML
  Rendering homes/top.html.erb within layouts/application
  Rendered homes/top.html.erb within layouts/application (0.7ms)
  [1m[36mUser Load (0.2ms)[0m  [1m[34mSELECT  "users".* FROM "users" WHERE "users"."id" = ? ORDER BY "users"."id" ASC LIMIT ?[0m  [["id", 1], ["LIMIT", 1]]
  â†³ app/views/layouts/application.html.erb:46
Completed 200 OK in 30ms (Views: 27.0ms | ActiveRecord: 0.2ms)


Started DELETE "/users/sign_out" for ::1 at 2021-01-03 15:15:46 +0900
Processing by Devise::SessionsController#destroy as HTML
  Parameters: {"authenticity_token"=>"TOnkyjk3PYLiBSxYfKeMtXboFKS1a+DRGHeP/iTdM6e4QQ1lVahDD6vs5DX739z0mY+M2vI5gyNh74IeABIAvA=="}
  [1m[36mUser Load (0.2ms)[0m  [1m[34mSELECT  "users".* FROM "users" WHERE "users"."id" = ? ORDER BY "users"."id" ASC LIMIT ?[0m  [["id", 1], ["LIMIT", 1]]
  â†³ /Users/nagamori/.rbenv/versions/2.6.6/lib/ruby/gems/2.6.0/gems/activerecord-5.2.4.4/lib/active_record/log_subscriber.rb:98
  [1m[35m (0.1ms)[0m  [1m[36mbegin transaction[0m
  â†³ /Users/nagamori/.rbenv/versions/2.6.6/lib/ruby/gems/2.6.0/gems/activerecord-5.2.4.4/lib/active_record/log_subscriber.rb:98
  [1m[35m (0.1ms)[0m  [1m[36mcommit transaction[0m
  â†³ /Users/nagamori/.rbenv/versions/2.6.6/lib/ruby/gems/2.6.0/gems/activerecord-5.2.4.4/lib/active_record/log_subscriber.rb:98
Redirected to http://localhost:3000/
Completed 302 Found in 37ms (ActiveRecord: 1.1ms)


Started GET "/" for ::1 at 2021-01-03 15:15:46 +0900
Processing by HomesController#top as HTML
  Rendering homes/top.html.erb within layouts/application
  Rendered homes/top.html.erb within layouts/application (0.6ms)
Completed 200 OK in 28ms (Views: 26.2ms | ActiveRecord: 0.0ms)


Started GET "/food_shops" for ::1 at 2021-01-03 15:16:01 +0900
Processing by FoodShopsController#index as HTML
  Rendering food_shops/index.html.erb within layouts/application
  [1m[36mFoodShop Load (0.2ms)[0m  [1m[34mSELECT "food_shops".* FROM "food_shops"[0m
  â†³ app/views/food_shops/index.html.erb:5
  [1m[36mReview Exists (0.4ms)[0m  [1m[34mSELECT  1 AS one FROM "reviews" WHERE "reviews"."food_shop_id" = ? LIMIT ?[0m  [["food_shop_id", 1], ["LIMIT", 1]]
  â†³ app/models/food_shop.rb:13
  [1m[35m (0.2ms)[0m  [1m[34mSELECT AVG("reviews"."score") FROM "reviews" WHERE "reviews"."food_shop_id" = ?[0m  [["food_shop_id", 1]]
  â†³ app/models/food_shop.rb:14
  [1m[36mCACHE Review Exists (0.0ms)[0m  [1m[34mSELECT  1 AS one FROM "reviews" WHERE "reviews"."food_shop_id" = ? LIMIT ?[0m  [["food_shop_id", 1], ["LIMIT", 1]]
  â†³ app/models/food_shop.rb:5
  [1m[35mCACHE  (0.1ms)[0m  [1m[34mSELECT AVG("reviews"."score") FROM "reviews" WHERE "reviews"."food_shop_id" = ?[0m  [["food_shop_id", 1]]
  â†³ app/models/food_shop.rb:6
  [1m[35m (0.3ms)[0m  [1m[34mSELECT COUNT(*) FROM "reviews" WHERE "reviews"."food_shop_id" = ?[0m  [["food_shop_id", 1]]
  â†³ app/views/food_shops/index.html.erb:20
  [1m[36mReview Exists (0.2ms)[0m  [1m[34mSELECT  1 AS one FROM "reviews" WHERE "reviews"."food_shop_id" = ? LIMIT ?[0m  [["food_shop_id", 2], ["LIMIT", 1]]
  â†³ app/models/food_shop.rb:13
  [1m[35m (0.1ms)[0m  [1m[34mSELECT AVG("reviews"."score") FROM "reviews" WHERE "reviews"."food_shop_id" = ?[0m  [["food_shop_id", 2]]
  â†³ app/models/food_shop.rb:14
  [1m[36mCACHE Review Exists (0.0ms)[0m  [1m[34mSELECT  1 AS one FROM "reviews" WHERE "reviews"."food_shop_id" = ? LIMIT ?[0m  [["food_shop_id", 2], ["LIMIT", 1]]
  â†³ app/models/food_shop.rb:5
  [1m[35mCACHE  (0.0ms)[0m  [1m[34mSELECT AVG("reviews"."score") FROM "reviews" WHERE "reviews"."food_shop_id" = ?[0m  [["food_shop_id", 2]]
  â†³ app/models/food_shop.rb:6
  [1m[35m (0.2ms)[0m  [1m[34mSELECT COUNT(*) FROM "reviews" WHERE "reviews"."food_shop_id" = ?[0m  [["food_shop_id", 2]]
  â†³ app/views/food_shops/index.html.erb:20
  [1m[36mReview Exists (0.2ms)[0m  [1m[34mSELECT  1 AS one FROM "reviews" WHERE "reviews"."food_shop_id" = ? LIMIT ?[0m  [["food_shop_id", 3], ["LIMIT", 1]]
  â†³ app/models/food_shop.rb:13
  [1m[36mCACHE Review Exists (0.0ms)[0m  [1m[34mSELECT  1 AS one FROM "reviews" WHERE "reviews"."food_shop_id" = ? LIMIT ?[0m  [["food_shop_id", 3], ["LIMIT", 1]]
  â†³ app/models/food_shop.rb:5
  [1m[35m (0.3ms)[0m  [1m[34mSELECT COUNT(*) FROM "reviews" WHERE "reviews"."food_shop_id" = ?[0m  [["food_shop_id", 3]]
  â†³ app/views/food_shops/index.html.erb:20
  [1m[36mReview Exists (0.2ms)[0m  [1m[34mSELECT  1 AS one FROM "reviews" WHERE "reviews"."food_shop_id" = ? LIMIT ?[0m  [["food_shop_id", 4], ["LIMIT", 1]]
  â†³ app/models/food_shop.rb:13
  [1m[36mCACHE Review Exists (0.0ms)[0m  [1m[34mSELECT  1 AS one FROM "reviews" WHERE "reviews"."food_shop_id" = ? LIMIT ?[0m  [["food_shop_id", 4], ["LIMIT", 1]]
  â†³ app/models/food_shop.rb:5
  [1m[35m (0.2ms)[0m  [1m[34mSELECT COUNT(*) FROM "reviews" WHERE "reviews"."food_shop_id" = ?[0m  [["food_shop_id", 4]]
  â†³ app/views/food_shops/index.html.erb:20
  Rendered food_shops/index.html.erb within layouts/application (28.8ms)
Completed 200 OK in 58ms (Views: 51.1ms | ActiveRecord: 3.7ms)


Started GET "/food_shops/1" for ::1 at 2021-01-03 15:16:03 +0900
Processing by FoodShopsController#show as HTML
  Parameters: {"id"=>"1"}
Completed 401 Unauthorized in 1ms (ActiveRecord: 0.0ms)


Started GET "/users/sign_in" for ::1 at 2021-01-03 15:16:03 +0900
Processing by Devise::SessionsController#new as HTML
  Rendering devise/sessions/new.html.erb within layouts/application
  Rendered devise/shared/_links.html.erb (1.4ms)
  Rendered devise/sessions/new.html.erb within layouts/application (15.1ms)
Completed 200 OK in 43ms (Views: 42.3ms | ActiveRecord: 0.0ms)


Started POST "/users/sign_in" for ::1 at 2021-01-03 15:16:06 +0900
Processing by Devise::SessionsController#create as HTML
  Parameters: {"utf8"=>"âœ“", "authenticity_token"=>"/XlAiP4VDpAWDAFJojYazqRI0qLUOTz9LkMZ+ZyMhBfuDkeY+UZ5yef/1J7KnIAqC60WdI0FBZu18l9pfIgsLQ==", "user"=>{"email"=>"nagamorimasato@icoud.com", "password"=>"[FILTERED]"}, "commit"=>"Log in"}
  [1m[36mUser Load (0.4ms)[0m  [1m[34mSELECT  "users".* FROM "users" WHERE "users"."email" = ? ORDER BY "users"."id" ASC LIMIT ?[0m  [["email", "nagamorimasato@icoud.com"], ["LIMIT", 1]]
  â†³ /Users/nagamori/.rbenv/versions/2.6.6/lib/ruby/gems/2.6.0/gems/activerecord-5.2.4.4/lib/active_record/log_subscriber.rb:98
Redirected to http://localhost:3000/food_shops/1
Completed 302 Found in 335ms (ActiveRecord: 0.4ms)


Started GET "/food_shops/1" for ::1 at 2021-01-03 15:16:06 +0900
Processing by FoodShopsController#show as HTML
  Parameters: {"id"=>"1"}
  [1m[36mUser Load (0.2ms)[0m  [1m[34mSELECT  "users".* FROM "users" WHERE "users"."id" = ? ORDER BY "users"."id" ASC LIMIT ?[0m  [["id", 1], ["LIMIT", 1]]
  â†³ /Users/nagamori/.rbenv/versions/2.6.6/lib/ruby/gems/2.6.0/gems/activerecord-5.2.4.4/lib/active_record/log_subscriber.rb:98
  [1m[36mFoodShop Load (0.2ms)[0m  [1m[34mSELECT  "food_shops".* FROM "food_shops" WHERE "food_shops"."id" = ? LIMIT ?[0m  [["id", 1], ["LIMIT", 1]]
  â†³ app/controllers/food_shops_controller.rb:8
  Rendering food_shops/show.html.erb within layouts/application
  [1m[36mReview Exists (0.2ms)[0m  [1m[34mSELECT  1 AS one FROM "reviews" WHERE "reviews"."food_shop_id" = ? LIMIT ?[0m  [["food_shop_id", 1], ["LIMIT", 1]]
  â†³ app/models/food_shop.rb:13
  [1m[35m (0.1ms)[0m  [1m[34mSELECT AVG("reviews"."score") FROM "reviews" WHERE "reviews"."food_shop_id" = ?[0m  [["food_shop_id", 1]]
  â†³ app/models/food_shop.rb:14
  [1m[36mCACHE Review Exists (0.0ms)[0m  [1m[34mSELECT  1 AS one FROM "reviews" WHERE "reviews"."food_shop_id" = ? LIMIT ?[0m  [["food_shop_id", 1], ["LIMIT", 1]]
  â†³ app/models/food_shop.rb:5
  [1m[35mCACHE  (0.0ms)[0m  [1m[34mSELECT AVG("reviews"."score") FROM "reviews" WHERE "reviews"."food_shop_id" = ?[0m  [["food_shop_id", 1]]
  â†³ app/models/food_shop.rb:6
  [1m[35m (0.2ms)[0m  [1m[34mSELECT COUNT(*) FROM "reviews" WHERE "reviews"."food_shop_id" = ?[0m  [["food_shop_id", 1]]
  â†³ app/views/food_shops/show.html.erb:18
  Rendered reviews/_form.html.erb (5.2ms)
  Rendered food_shops/show.html.erb within layouts/application (11.0ms)
Completed 200 OK in 55ms (Views: 43.7ms | ActiveRecord: 1.4ms)


Started GET "/food_shops/1/reviews" for ::1 at 2021-01-03 15:16:13 +0900
Processing by ReviewsController#index as HTML
  Parameters: {"food_shop_id"=>"1"}
  [1m[36mFoodShop Load (0.2ms)[0m  [1m[34mSELECT  "food_shops".* FROM "food_shops" WHERE "food_shops"."id" = ? LIMIT ?[0m  [["id", 1], ["LIMIT", 1]]
  â†³ app/controllers/reviews_controller.rb:5
  Rendering reviews/index.html.erb within layouts/application
  [1m[36mReview Exists (0.2ms)[0m  [1m[34mSELECT  1 AS one FROM "reviews" WHERE "reviews"."food_shop_id" = ? LIMIT ?[0m  [["food_shop_id", 1], ["LIMIT", 1]]
  â†³ app/models/food_shop.rb:13
  [1m[35m (0.1ms)[0m  [1m[34mSELECT AVG("reviews"."score") FROM "reviews" WHERE "reviews"."food_shop_id" = ?[0m  [["food_shop_id", 1]]
  â†³ app/models/food_shop.rb:14
  [1m[36mCACHE Review Exists (0.0ms)[0m  [1m[34mSELECT  1 AS one FROM "reviews" WHERE "reviews"."food_shop_id" = ? LIMIT ?[0m  [["food_shop_id", 1], ["LIMIT", 1]]
  â†³ app/models/food_shop.rb:5
  [1m[35mCACHE  (0.0ms)[0m  [1m[34mSELECT AVG("reviews"."score") FROM "reviews" WHERE "reviews"."food_shop_id" = ?[0m  [["food_shop_id", 1]]
  â†³ app/models/food_shop.rb:6
  [1m[35m (0.2ms)[0m  [1m[34mSELECT COUNT(*) FROM "reviews" WHERE "reviews"."food_shop_id" = ?[0m  [["food_shop_id", 1]]
  â†³ app/views/reviews/index.html.erb:18
  [1m[36mReview Load (0.2ms)[0m  [1m[34mSELECT "reviews".* FROM "reviews" WHERE "reviews"."food_shop_id" = ?[0m  [["food_shop_id", 1]]
  â†³ app/views/reviews/index.html.erb:30
  [1m[36mUser Load (0.2ms)[0m  [1m[34mSELECT  "users".* FROM "users" WHERE "users"."id" = ? LIMIT ?[0m  [["id", 1], ["LIMIT", 1]]
  â†³ app/views/reviews/index.html.erb:32
  Rendered reviews/index.html.erb within layouts/application (10.6ms)
  [1m[36mUser Load (0.2ms)[0m  [1m[34mSELECT  "users".* FROM "users" WHERE "users"."id" = ? ORDER BY "users"."id" ASC LIMIT ?[0m  [["id", 1], ["LIMIT", 1]]
  â†³ app/views/layouts/application.html.erb:46
Completed 200 OK in 41ms (Views: 37.7ms | ActiveRecord: 1.4ms)


